[2025-07-01T22:54:51.310+0700] {processor.py:186} INFO - Started process (PID=111415) to work on /home/radithalr/data-engineer-learn/dags/example.py
[2025-07-01T22:54:51.312+0700] {processor.py:914} INFO - Processing file /home/radithalr/data-engineer-learn/dags/example.py for tasks to queue
[2025-07-01T22:54:51.318+0700] {logging_mixin.py:190} INFO - [2025-07-01T22:54:51.317+0700] {dagbag.py:588} INFO - Filling up the DagBag from /home/radithalr/data-engineer-learn/dags/example.py
[2025-07-01T22:54:51.330+0700] {logging_mixin.py:190} INFO - [2025-07-01T22:54:51.327+0700] {dagbag.py:387} ERROR - Failed to import: /home/radithalr/data-engineer-learn/dags/example.py
Traceback (most recent call last):
  File "/home/radithalr/data-engineer-learn/.airflow/lib/python3.12/site-packages/airflow/models/dagbag.py", line 383, in parse
    loader.exec_module(new_module)
  File "<frozen importlib._bootstrap_external>", line 995, in exec_module
  File "<frozen importlib._bootstrap>", line 488, in _call_with_frames_removed
  File "/home/radithalr/data-engineer-learn/dags/example.py", line 4, in <module>
    with DAG(
         ^^^^
TypeError: DAG.__init__() got an unexpected keyword argument 'cathup'
[2025-07-01T22:54:51.331+0700] {processor.py:927} WARNING - No viable dags retrieved from /home/radithalr/data-engineer-learn/dags/example.py
[2025-07-01T22:54:51.376+0700] {processor.py:208} INFO - Processing /home/radithalr/data-engineer-learn/dags/example.py took 0.084 seconds
[2025-07-01T22:55:21.454+0700] {processor.py:186} INFO - Started process (PID=111667) to work on /home/radithalr/data-engineer-learn/dags/example.py
[2025-07-01T22:55:21.457+0700] {processor.py:914} INFO - Processing file /home/radithalr/data-engineer-learn/dags/example.py for tasks to queue
[2025-07-01T22:55:21.464+0700] {logging_mixin.py:190} INFO - [2025-07-01T22:55:21.463+0700] {dagbag.py:588} INFO - Filling up the DagBag from /home/radithalr/data-engineer-learn/dags/example.py
[2025-07-01T22:55:21.474+0700] {logging_mixin.py:190} INFO - [2025-07-01T22:55:21.471+0700] {dagbag.py:387} ERROR - Failed to import: /home/radithalr/data-engineer-learn/dags/example.py
Traceback (most recent call last):
  File "/home/radithalr/data-engineer-learn/.airflow/lib/python3.12/site-packages/airflow/models/dagbag.py", line 383, in parse
    loader.exec_module(new_module)
  File "<frozen importlib._bootstrap_external>", line 995, in exec_module
  File "<frozen importlib._bootstrap>", line 488, in _call_with_frames_removed
  File "/home/radithalr/data-engineer-learn/dags/example.py", line 4, in <module>
    with DAG(
         ^^^^
TypeError: DAG.__init__() got an unexpected keyword argument 'cathup'
[2025-07-01T22:55:21.475+0700] {processor.py:927} WARNING - No viable dags retrieved from /home/radithalr/data-engineer-learn/dags/example.py
[2025-07-01T22:55:21.524+0700] {processor.py:208} INFO - Processing /home/radithalr/data-engineer-learn/dags/example.py took 0.086 seconds
[2025-07-01T22:55:52.606+0700] {processor.py:186} INFO - Started process (PID=111717) to work on /home/radithalr/data-engineer-learn/dags/example.py
[2025-07-01T22:55:52.617+0700] {processor.py:914} INFO - Processing file /home/radithalr/data-engineer-learn/dags/example.py for tasks to queue
[2025-07-01T22:55:52.624+0700] {logging_mixin.py:190} INFO - [2025-07-01T22:55:52.623+0700] {dagbag.py:588} INFO - Filling up the DagBag from /home/radithalr/data-engineer-learn/dags/example.py
[2025-07-01T22:55:52.632+0700] {logging_mixin.py:190} INFO - [2025-07-01T22:55:52.630+0700] {dagbag.py:387} ERROR - Failed to import: /home/radithalr/data-engineer-learn/dags/example.py
Traceback (most recent call last):
  File "/home/radithalr/data-engineer-learn/.airflow/lib/python3.12/site-packages/airflow/models/dagbag.py", line 383, in parse
    loader.exec_module(new_module)
  File "<frozen importlib._bootstrap_external>", line 995, in exec_module
  File "<frozen importlib._bootstrap>", line 488, in _call_with_frames_removed
  File "/home/radithalr/data-engineer-learn/dags/example.py", line 4, in <module>
    with DAG(
         ^^^^
TypeError: DAG.__init__() got an unexpected keyword argument 'cathup'
[2025-07-01T22:55:52.632+0700] {processor.py:927} WARNING - No viable dags retrieved from /home/radithalr/data-engineer-learn/dags/example.py
[2025-07-01T22:55:52.677+0700] {processor.py:208} INFO - Processing /home/radithalr/data-engineer-learn/dags/example.py took 0.089 seconds
[2025-07-01T22:56:20.579+0700] {processor.py:186} INFO - Started process (PID=111772) to work on /home/radithalr/data-engineer-learn/dags/example.py
[2025-07-01T22:56:20.581+0700] {processor.py:914} INFO - Processing file /home/radithalr/data-engineer-learn/dags/example.py for tasks to queue
[2025-07-01T22:56:20.587+0700] {logging_mixin.py:190} INFO - [2025-07-01T22:56:20.586+0700] {dagbag.py:588} INFO - Filling up the DagBag from /home/radithalr/data-engineer-learn/dags/example.py
[2025-07-01T22:56:20.615+0700] {processor.py:925} INFO - DAG(s) 'example' retrieved from /home/radithalr/data-engineer-learn/dags/example.py
[2025-07-01T22:56:20.872+0700] {logging_mixin.py:190} INFO - [2025-07-01T22:56:20.871+0700] {override.py:1901} INFO - Created Permission View: can edit on DAG:example
[2025-07-01T22:56:20.900+0700] {logging_mixin.py:190} INFO - [2025-07-01T22:56:20.899+0700] {override.py:1901} INFO - Created Permission View: can read on DAG:example
[2025-07-01T22:56:20.921+0700] {logging_mixin.py:190} INFO - [2025-07-01T22:56:20.921+0700] {override.py:1901} INFO - Created Permission View: can delete on DAG:example
[2025-07-01T22:56:20.951+0700] {logging_mixin.py:190} INFO - [2025-07-01T22:56:20.950+0700] {override.py:1901} INFO - Created Permission View: menu access on DAG Run:example
[2025-07-01T22:56:20.969+0700] {logging_mixin.py:190} INFO - [2025-07-01T22:56:20.968+0700] {override.py:1901} INFO - Created Permission View: can create on DAG Run:example
[2025-07-01T22:56:20.987+0700] {logging_mixin.py:190} INFO - [2025-07-01T22:56:20.986+0700] {override.py:1901} INFO - Created Permission View: can read on DAG Run:example
[2025-07-01T22:56:21.005+0700] {logging_mixin.py:190} INFO - [2025-07-01T22:56:21.005+0700] {override.py:1901} INFO - Created Permission View: can delete on DAG Run:example
[2025-07-01T22:56:21.006+0700] {logging_mixin.py:190} INFO - [2025-07-01T22:56:21.006+0700] {dag.py:3239} INFO - Sync 1 DAGs
[2025-07-01T22:56:21.031+0700] {logging_mixin.py:190} INFO - [2025-07-01T22:56:21.031+0700] {dag.py:3262} INFO - Creating ORM DAG for example
[2025-07-01T22:56:21.050+0700] {logging_mixin.py:190} INFO - [2025-07-01T22:56:21.049+0700] {dag.py:4180} INFO - Setting next_dagrun for example to 2025-06-30 00:00:00+00:00, run_after=2025-07-01 00:00:00+00:00
[2025-07-01T22:56:21.100+0700] {processor.py:208} INFO - Processing /home/radithalr/data-engineer-learn/dags/example.py took 0.535 seconds
[2025-07-01T22:56:51.719+0700] {processor.py:186} INFO - Started process (PID=111922) to work on /home/radithalr/data-engineer-learn/dags/example.py
[2025-07-01T22:56:51.730+0700] {processor.py:914} INFO - Processing file /home/radithalr/data-engineer-learn/dags/example.py for tasks to queue
[2025-07-01T22:56:51.736+0700] {logging_mixin.py:190} INFO - [2025-07-01T22:56:51.735+0700] {dagbag.py:588} INFO - Filling up the DagBag from /home/radithalr/data-engineer-learn/dags/example.py
[2025-07-01T22:56:51.762+0700] {processor.py:925} INFO - DAG(s) 'example' retrieved from /home/radithalr/data-engineer-learn/dags/example.py
[2025-07-01T22:56:51.800+0700] {logging_mixin.py:190} INFO - [2025-07-01T22:56:51.799+0700] {dag.py:3239} INFO - Sync 1 DAGs
[2025-07-01T22:56:51.845+0700] {logging_mixin.py:190} INFO - [2025-07-01T22:56:51.844+0700] {dag.py:4180} INFO - Setting next_dagrun for example to 2025-06-30 00:00:00+00:00, run_after=2025-07-01 00:00:00+00:00
[2025-07-01T22:56:51.888+0700] {processor.py:208} INFO - Processing /home/radithalr/data-engineer-learn/dags/example.py took 0.183 seconds
[2025-07-01T22:57:22.858+0700] {processor.py:186} INFO - Started process (PID=112001) to work on /home/radithalr/data-engineer-learn/dags/example.py
[2025-07-01T22:57:22.860+0700] {processor.py:914} INFO - Processing file /home/radithalr/data-engineer-learn/dags/example.py for tasks to queue
[2025-07-01T22:57:22.865+0700] {logging_mixin.py:190} INFO - [2025-07-01T22:57:22.864+0700] {dagbag.py:588} INFO - Filling up the DagBag from /home/radithalr/data-engineer-learn/dags/example.py
[2025-07-01T22:57:22.895+0700] {processor.py:925} INFO - DAG(s) 'example' retrieved from /home/radithalr/data-engineer-learn/dags/example.py
[2025-07-01T22:57:22.930+0700] {logging_mixin.py:190} INFO - [2025-07-01T22:57:22.929+0700] {dag.py:3239} INFO - Sync 1 DAGs
[2025-07-01T22:57:22.971+0700] {logging_mixin.py:190} INFO - [2025-07-01T22:57:22.971+0700] {dag.py:4180} INFO - Setting next_dagrun for example to 2025-06-30 00:00:00+00:00, run_after=2025-07-01 00:00:00+00:00
[2025-07-01T22:57:23.020+0700] {processor.py:208} INFO - Processing /home/radithalr/data-engineer-learn/dags/example.py took 0.176 seconds
[2025-07-01T22:57:54.019+0700] {processor.py:186} INFO - Started process (PID=112051) to work on /home/radithalr/data-engineer-learn/dags/example.py
[2025-07-01T22:57:54.028+0700] {processor.py:914} INFO - Processing file /home/radithalr/data-engineer-learn/dags/example.py for tasks to queue
[2025-07-01T22:57:54.033+0700] {logging_mixin.py:190} INFO - [2025-07-01T22:57:54.032+0700] {dagbag.py:588} INFO - Filling up the DagBag from /home/radithalr/data-engineer-learn/dags/example.py
[2025-07-01T22:57:54.062+0700] {processor.py:925} INFO - DAG(s) 'example' retrieved from /home/radithalr/data-engineer-learn/dags/example.py
[2025-07-01T22:57:54.097+0700] {logging_mixin.py:190} INFO - [2025-07-01T22:57:54.097+0700] {dag.py:3239} INFO - Sync 1 DAGs
[2025-07-01T22:57:54.151+0700] {logging_mixin.py:190} INFO - [2025-07-01T22:57:54.151+0700] {dag.py:4180} INFO - Setting next_dagrun for example to 2025-06-30 00:00:00+00:00, run_after=2025-07-01 00:00:00+00:00
[2025-07-01T22:57:54.200+0700] {processor.py:208} INFO - Processing /home/radithalr/data-engineer-learn/dags/example.py took 0.195 seconds
[2025-07-01T22:58:25.249+0700] {processor.py:186} INFO - Started process (PID=112290) to work on /home/radithalr/data-engineer-learn/dags/example.py
[2025-07-01T22:58:25.255+0700] {processor.py:914} INFO - Processing file /home/radithalr/data-engineer-learn/dags/example.py for tasks to queue
[2025-07-01T22:58:25.261+0700] {logging_mixin.py:190} INFO - [2025-07-01T22:58:25.260+0700] {dagbag.py:588} INFO - Filling up the DagBag from /home/radithalr/data-engineer-learn/dags/example.py
[2025-07-01T22:58:25.288+0700] {processor.py:925} INFO - DAG(s) 'example' retrieved from /home/radithalr/data-engineer-learn/dags/example.py
[2025-07-01T22:58:25.320+0700] {logging_mixin.py:190} INFO - [2025-07-01T22:58:25.320+0700] {dag.py:3239} INFO - Sync 1 DAGs
[2025-07-01T22:58:25.363+0700] {logging_mixin.py:190} INFO - [2025-07-01T22:58:25.362+0700] {dag.py:4180} INFO - Setting next_dagrun for example to 2025-06-30 00:00:00+00:00, run_after=2025-07-01 00:00:00+00:00
[2025-07-01T22:58:25.414+0700] {processor.py:208} INFO - Processing /home/radithalr/data-engineer-learn/dags/example.py took 0.179 seconds
[2025-07-01T22:58:27.011+0700] {processor.py:186} INFO - Started process (PID=112291) to work on /home/radithalr/data-engineer-learn/dags/example.py
[2025-07-01T22:58:27.014+0700] {processor.py:914} INFO - Processing file /home/radithalr/data-engineer-learn/dags/example.py for tasks to queue
[2025-07-01T22:58:27.017+0700] {logging_mixin.py:190} INFO - [2025-07-01T22:58:27.016+0700] {dagbag.py:588} INFO - Filling up the DagBag from /home/radithalr/data-engineer-learn/dags/example.py
[2025-07-01T22:58:27.026+0700] {logging_mixin.py:190} INFO - [2025-07-01T22:58:27.024+0700] {dagbag.py:387} ERROR - Failed to import: /home/radithalr/data-engineer-learn/dags/example.py
Traceback (most recent call last):
  File "/home/radithalr/data-engineer-learn/.airflow/lib/python3.12/site-packages/airflow/models/dagbag.py", line 383, in parse
    loader.exec_module(new_module)
  File "<frozen importlib._bootstrap_external>", line 995, in exec_module
  File "<frozen importlib._bootstrap>", line 488, in _call_with_frames_removed
  File "/home/radithalr/data-engineer-learn/dags/example.py", line 2, in <module>
    from airflow.operator.bash import BashOperator
ModuleNotFoundError: No module named 'airflow.operator'
[2025-07-01T22:58:27.027+0700] {processor.py:927} WARNING - No viable dags retrieved from /home/radithalr/data-engineer-learn/dags/example.py
[2025-07-01T22:58:27.066+0700] {processor.py:208} INFO - Processing /home/radithalr/data-engineer-learn/dags/example.py took 0.067 seconds
[2025-07-01T22:58:57.212+0700] {processor.py:186} INFO - Started process (PID=112558) to work on /home/radithalr/data-engineer-learn/dags/example.py
[2025-07-01T22:58:57.224+0700] {processor.py:914} INFO - Processing file /home/radithalr/data-engineer-learn/dags/example.py for tasks to queue
[2025-07-01T22:58:57.229+0700] {logging_mixin.py:190} INFO - [2025-07-01T22:58:57.229+0700] {dagbag.py:588} INFO - Filling up the DagBag from /home/radithalr/data-engineer-learn/dags/example.py
[2025-07-01T22:58:57.239+0700] {logging_mixin.py:190} INFO - [2025-07-01T22:58:57.236+0700] {dagbag.py:387} ERROR - Failed to import: /home/radithalr/data-engineer-learn/dags/example.py
Traceback (most recent call last):
  File "/home/radithalr/data-engineer-learn/.airflow/lib/python3.12/site-packages/airflow/models/dagbag.py", line 383, in parse
    loader.exec_module(new_module)
  File "<frozen importlib._bootstrap_external>", line 995, in exec_module
  File "<frozen importlib._bootstrap>", line 488, in _call_with_frames_removed
  File "/home/radithalr/data-engineer-learn/dags/example.py", line 2, in <module>
    from airflow.operator.bash import BashOperator
ModuleNotFoundError: No module named 'airflow.operator'
[2025-07-01T22:58:57.240+0700] {processor.py:927} WARNING - No viable dags retrieved from /home/radithalr/data-engineer-learn/dags/example.py
[2025-07-01T22:58:57.290+0700] {processor.py:208} INFO - Processing /home/radithalr/data-engineer-learn/dags/example.py took 0.092 seconds
[2025-07-01T22:59:07.558+0700] {processor.py:186} INFO - Started process (PID=112625) to work on /home/radithalr/data-engineer-learn/dags/example.py
[2025-07-01T22:59:07.560+0700] {processor.py:914} INFO - Processing file /home/radithalr/data-engineer-learn/dags/example.py for tasks to queue
[2025-07-01T22:59:07.565+0700] {logging_mixin.py:190} INFO - [2025-07-01T22:59:07.564+0700] {dagbag.py:588} INFO - Filling up the DagBag from /home/radithalr/data-engineer-learn/dags/example.py
[2025-07-01T22:59:07.598+0700] {processor.py:925} INFO - DAG(s) 'example' retrieved from /home/radithalr/data-engineer-learn/dags/example.py
[2025-07-01T22:59:07.865+0700] {logging_mixin.py:190} INFO - [2025-07-01T22:59:07.863+0700] {dag.py:3239} INFO - Sync 1 DAGs
[2025-07-01T22:59:07.919+0700] {logging_mixin.py:190} INFO - [2025-07-01T22:59:07.918+0700] {dag.py:4180} INFO - Setting next_dagrun for example to 2025-06-30 00:00:00+00:00, run_after=2025-07-01 00:00:00+00:00
[2025-07-01T22:59:07.978+0700] {processor.py:208} INFO - Processing /home/radithalr/data-engineer-learn/dags/example.py took 0.435 seconds
[2025-07-01T22:59:38.951+0700] {processor.py:186} INFO - Started process (PID=112835) to work on /home/radithalr/data-engineer-learn/dags/example.py
[2025-07-01T22:59:38.962+0700] {processor.py:914} INFO - Processing file /home/radithalr/data-engineer-learn/dags/example.py for tasks to queue
[2025-07-01T22:59:38.968+0700] {logging_mixin.py:190} INFO - [2025-07-01T22:59:38.967+0700] {dagbag.py:588} INFO - Filling up the DagBag from /home/radithalr/data-engineer-learn/dags/example.py
[2025-07-01T22:59:38.998+0700] {processor.py:925} INFO - DAG(s) 'example' retrieved from /home/radithalr/data-engineer-learn/dags/example.py
[2025-07-01T22:59:39.049+0700] {logging_mixin.py:190} INFO - [2025-07-01T22:59:39.049+0700] {dag.py:3239} INFO - Sync 1 DAGs
[2025-07-01T22:59:39.118+0700] {logging_mixin.py:190} INFO - [2025-07-01T22:59:39.118+0700] {dag.py:4180} INFO - Setting next_dagrun for example to 2025-06-30 00:00:00+00:00, run_after=2025-07-01 00:00:00+00:00
[2025-07-01T22:59:39.170+0700] {processor.py:208} INFO - Processing /home/radithalr/data-engineer-learn/dags/example.py took 0.232 seconds
[2025-07-01T23:00:10.225+0700] {processor.py:186} INFO - Started process (PID=113135) to work on /home/radithalr/data-engineer-learn/dags/example.py
[2025-07-01T23:00:10.237+0700] {processor.py:914} INFO - Processing file /home/radithalr/data-engineer-learn/dags/example.py for tasks to queue
[2025-07-01T23:00:10.242+0700] {logging_mixin.py:190} INFO - [2025-07-01T23:00:10.241+0700] {dagbag.py:588} INFO - Filling up the DagBag from /home/radithalr/data-engineer-learn/dags/example.py
[2025-07-01T23:00:10.269+0700] {processor.py:925} INFO - DAG(s) 'example' retrieved from /home/radithalr/data-engineer-learn/dags/example.py
[2025-07-01T23:00:10.321+0700] {logging_mixin.py:190} INFO - [2025-07-01T23:00:10.320+0700] {dag.py:3239} INFO - Sync 1 DAGs
[2025-07-01T23:00:10.366+0700] {logging_mixin.py:190} INFO - [2025-07-01T23:00:10.365+0700] {dag.py:4180} INFO - Setting next_dagrun for example to 2025-07-01 00:00:00+00:00, run_after=2025-07-02 00:00:00+00:00
[2025-07-01T23:00:10.416+0700] {processor.py:208} INFO - Processing /home/radithalr/data-engineer-learn/dags/example.py took 0.202 seconds
[2025-07-01T23:00:41.535+0700] {processor.py:186} INFO - Started process (PID=113195) to work on /home/radithalr/data-engineer-learn/dags/example.py
[2025-07-01T23:00:41.539+0700] {processor.py:914} INFO - Processing file /home/radithalr/data-engineer-learn/dags/example.py for tasks to queue
[2025-07-01T23:00:41.546+0700] {logging_mixin.py:190} INFO - [2025-07-01T23:00:41.545+0700] {dagbag.py:588} INFO - Filling up the DagBag from /home/radithalr/data-engineer-learn/dags/example.py
[2025-07-01T23:00:41.575+0700] {processor.py:925} INFO - DAG(s) 'example' retrieved from /home/radithalr/data-engineer-learn/dags/example.py
[2025-07-01T23:00:41.628+0700] {logging_mixin.py:190} INFO - [2025-07-01T23:00:41.627+0700] {dag.py:3239} INFO - Sync 1 DAGs
[2025-07-01T23:00:41.673+0700] {logging_mixin.py:190} INFO - [2025-07-01T23:00:41.672+0700] {dag.py:4180} INFO - Setting next_dagrun for example to 2025-07-01 00:00:00+00:00, run_after=2025-07-02 00:00:00+00:00
[2025-07-01T23:00:41.726+0700] {processor.py:208} INFO - Processing /home/radithalr/data-engineer-learn/dags/example.py took 0.205 seconds
[2025-07-01T23:00:46.577+0700] {processor.py:186} INFO - Started process (PID=113196) to work on /home/radithalr/data-engineer-learn/dags/example.py
[2025-07-01T23:00:46.579+0700] {processor.py:914} INFO - Processing file /home/radithalr/data-engineer-learn/dags/example.py for tasks to queue
[2025-07-01T23:00:46.584+0700] {logging_mixin.py:190} INFO - [2025-07-01T23:00:46.583+0700] {dagbag.py:588} INFO - Filling up the DagBag from /home/radithalr/data-engineer-learn/dags/example.py
[2025-07-01T23:00:46.615+0700] {processor.py:925} INFO - DAG(s) 'example' retrieved from /home/radithalr/data-engineer-learn/dags/example.py
[2025-07-01T23:00:46.854+0700] {logging_mixin.py:190} INFO - [2025-07-01T23:00:46.853+0700] {dag.py:3239} INFO - Sync 1 DAGs
[2025-07-01T23:00:46.897+0700] {logging_mixin.py:190} INFO - [2025-07-01T23:00:46.896+0700] {dag.py:4180} INFO - Setting next_dagrun for example to 2025-07-01 00:00:00+00:00, run_after=2025-07-02 00:00:00+00:00
[2025-07-01T23:00:46.952+0700] {processor.py:208} INFO - Processing /home/radithalr/data-engineer-learn/dags/example.py took 0.386 seconds
[2025-07-01T23:01:17.235+0700] {processor.py:186} INFO - Started process (PID=113536) to work on /home/radithalr/data-engineer-learn/dags/example.py
[2025-07-01T23:01:17.238+0700] {processor.py:914} INFO - Processing file /home/radithalr/data-engineer-learn/dags/example.py for tasks to queue
[2025-07-01T23:01:17.243+0700] {logging_mixin.py:190} INFO - [2025-07-01T23:01:17.242+0700] {dagbag.py:588} INFO - Filling up the DagBag from /home/radithalr/data-engineer-learn/dags/example.py
[2025-07-01T23:01:17.269+0700] {processor.py:925} INFO - DAG(s) 'example' retrieved from /home/radithalr/data-engineer-learn/dags/example.py
[2025-07-01T23:01:17.314+0700] {logging_mixin.py:190} INFO - [2025-07-01T23:01:17.314+0700] {dag.py:3239} INFO - Sync 1 DAGs
[2025-07-01T23:01:17.352+0700] {logging_mixin.py:190} INFO - [2025-07-01T23:01:17.352+0700] {dag.py:4180} INFO - Setting next_dagrun for example to 2025-07-01 00:00:00+00:00, run_after=2025-07-02 00:00:00+00:00
[2025-07-01T23:01:17.400+0700] {processor.py:208} INFO - Processing /home/radithalr/data-engineer-learn/dags/example.py took 0.177 seconds
[2025-07-01T23:01:48.360+0700] {processor.py:186} INFO - Started process (PID=113739) to work on /home/radithalr/data-engineer-learn/dags/example.py
[2025-07-01T23:01:48.371+0700] {processor.py:914} INFO - Processing file /home/radithalr/data-engineer-learn/dags/example.py for tasks to queue
[2025-07-01T23:01:48.375+0700] {logging_mixin.py:190} INFO - [2025-07-01T23:01:48.375+0700] {dagbag.py:588} INFO - Filling up the DagBag from /home/radithalr/data-engineer-learn/dags/example.py
[2025-07-01T23:01:48.400+0700] {processor.py:925} INFO - DAG(s) 'example' retrieved from /home/radithalr/data-engineer-learn/dags/example.py
[2025-07-01T23:01:48.448+0700] {logging_mixin.py:190} INFO - [2025-07-01T23:01:48.447+0700] {dag.py:3239} INFO - Sync 1 DAGs
[2025-07-01T23:01:48.496+0700] {logging_mixin.py:190} INFO - [2025-07-01T23:01:48.496+0700] {dag.py:4180} INFO - Setting next_dagrun for example to 2025-07-01 00:00:00+00:00, run_after=2025-07-02 00:00:00+00:00
[2025-07-01T23:01:48.548+0700] {processor.py:208} INFO - Processing /home/radithalr/data-engineer-learn/dags/example.py took 0.198 seconds
[2025-07-01T23:02:19.595+0700] {processor.py:186} INFO - Started process (PID=113826) to work on /home/radithalr/data-engineer-learn/dags/example.py
[2025-07-01T23:02:19.606+0700] {processor.py:914} INFO - Processing file /home/radithalr/data-engineer-learn/dags/example.py for tasks to queue
[2025-07-01T23:02:19.610+0700] {logging_mixin.py:190} INFO - [2025-07-01T23:02:19.609+0700] {dagbag.py:588} INFO - Filling up the DagBag from /home/radithalr/data-engineer-learn/dags/example.py
[2025-07-01T23:02:19.642+0700] {processor.py:925} INFO - DAG(s) 'example' retrieved from /home/radithalr/data-engineer-learn/dags/example.py
[2025-07-01T23:02:19.697+0700] {logging_mixin.py:190} INFO - [2025-07-01T23:02:19.697+0700] {dag.py:3239} INFO - Sync 1 DAGs
[2025-07-01T23:02:19.753+0700] {logging_mixin.py:190} INFO - [2025-07-01T23:02:19.753+0700] {dag.py:4180} INFO - Setting next_dagrun for example to 2025-07-01 00:00:00+00:00, run_after=2025-07-02 00:00:00+00:00
[2025-07-01T23:02:19.802+0700] {processor.py:208} INFO - Processing /home/radithalr/data-engineer-learn/dags/example.py took 0.220 seconds
[2025-07-01T23:02:50.868+0700] {processor.py:186} INFO - Started process (PID=113845) to work on /home/radithalr/data-engineer-learn/dags/example.py
[2025-07-01T23:02:50.878+0700] {processor.py:914} INFO - Processing file /home/radithalr/data-engineer-learn/dags/example.py for tasks to queue
[2025-07-01T23:02:50.884+0700] {logging_mixin.py:190} INFO - [2025-07-01T23:02:50.883+0700] {dagbag.py:588} INFO - Filling up the DagBag from /home/radithalr/data-engineer-learn/dags/example.py
[2025-07-01T23:02:50.910+0700] {processor.py:925} INFO - DAG(s) 'example' retrieved from /home/radithalr/data-engineer-learn/dags/example.py
[2025-07-01T23:02:50.957+0700] {logging_mixin.py:190} INFO - [2025-07-01T23:02:50.957+0700] {dag.py:3239} INFO - Sync 1 DAGs
[2025-07-01T23:02:51.002+0700] {logging_mixin.py:190} INFO - [2025-07-01T23:02:51.002+0700] {dag.py:4180} INFO - Setting next_dagrun for example to 2025-07-01 00:00:00+00:00, run_after=2025-07-02 00:00:00+00:00
[2025-07-01T23:02:51.052+0700] {processor.py:208} INFO - Processing /home/radithalr/data-engineer-learn/dags/example.py took 0.196 seconds
[2025-07-01T23:03:21.182+0700] {processor.py:186} INFO - Started process (PID=113930) to work on /home/radithalr/data-engineer-learn/dags/example.py
[2025-07-01T23:03:21.185+0700] {processor.py:914} INFO - Processing file /home/radithalr/data-engineer-learn/dags/example.py for tasks to queue
[2025-07-01T23:03:21.190+0700] {logging_mixin.py:190} INFO - [2025-07-01T23:03:21.189+0700] {dagbag.py:588} INFO - Filling up the DagBag from /home/radithalr/data-engineer-learn/dags/example.py
[2025-07-01T23:03:21.221+0700] {processor.py:925} INFO - DAG(s) 'example' retrieved from /home/radithalr/data-engineer-learn/dags/example.py
[2025-07-01T23:03:21.271+0700] {logging_mixin.py:190} INFO - [2025-07-01T23:03:21.270+0700] {dag.py:3239} INFO - Sync 1 DAGs
[2025-07-01T23:03:21.320+0700] {logging_mixin.py:190} INFO - [2025-07-01T23:03:21.320+0700] {dag.py:4180} INFO - Setting next_dagrun for example to 2025-07-01 00:00:00+00:00, run_after=2025-07-02 00:00:00+00:00
[2025-07-01T23:03:21.368+0700] {processor.py:208} INFO - Processing /home/radithalr/data-engineer-learn/dags/example.py took 0.199 seconds
[2025-07-01T23:03:52.423+0700] {processor.py:186} INFO - Started process (PID=113949) to work on /home/radithalr/data-engineer-learn/dags/example.py
[2025-07-01T23:03:52.424+0700] {processor.py:914} INFO - Processing file /home/radithalr/data-engineer-learn/dags/example.py for tasks to queue
[2025-07-01T23:03:52.429+0700] {logging_mixin.py:190} INFO - [2025-07-01T23:03:52.428+0700] {dagbag.py:588} INFO - Filling up the DagBag from /home/radithalr/data-engineer-learn/dags/example.py
[2025-07-01T23:03:52.456+0700] {processor.py:925} INFO - DAG(s) 'example' retrieved from /home/radithalr/data-engineer-learn/dags/example.py
[2025-07-01T23:03:52.505+0700] {logging_mixin.py:190} INFO - [2025-07-01T23:03:52.504+0700] {dag.py:3239} INFO - Sync 1 DAGs
[2025-07-01T23:03:52.548+0700] {logging_mixin.py:190} INFO - [2025-07-01T23:03:52.547+0700] {dag.py:4180} INFO - Setting next_dagrun for example to 2025-07-01 00:00:00+00:00, run_after=2025-07-02 00:00:00+00:00
[2025-07-01T23:03:52.588+0700] {processor.py:208} INFO - Processing /home/radithalr/data-engineer-learn/dags/example.py took 0.177 seconds
[2025-07-01T23:04:23.574+0700] {processor.py:186} INFO - Started process (PID=114036) to work on /home/radithalr/data-engineer-learn/dags/example.py
[2025-07-01T23:04:23.585+0700] {processor.py:914} INFO - Processing file /home/radithalr/data-engineer-learn/dags/example.py for tasks to queue
[2025-07-01T23:04:23.591+0700] {logging_mixin.py:190} INFO - [2025-07-01T23:04:23.590+0700] {dagbag.py:588} INFO - Filling up the DagBag from /home/radithalr/data-engineer-learn/dags/example.py
[2025-07-01T23:04:23.616+0700] {processor.py:925} INFO - DAG(s) 'example' retrieved from /home/radithalr/data-engineer-learn/dags/example.py
[2025-07-01T23:04:23.662+0700] {logging_mixin.py:190} INFO - [2025-07-01T23:04:23.662+0700] {dag.py:3239} INFO - Sync 1 DAGs
[2025-07-01T23:04:23.708+0700] {logging_mixin.py:190} INFO - [2025-07-01T23:04:23.707+0700] {dag.py:4180} INFO - Setting next_dagrun for example to 2025-07-01 00:00:00+00:00, run_after=2025-07-02 00:00:00+00:00
[2025-07-01T23:04:23.756+0700] {processor.py:208} INFO - Processing /home/radithalr/data-engineer-learn/dags/example.py took 0.194 seconds
[2025-07-01T23:04:54.792+0700] {processor.py:186} INFO - Started process (PID=114055) to work on /home/radithalr/data-engineer-learn/dags/example.py
[2025-07-01T23:04:54.793+0700] {processor.py:914} INFO - Processing file /home/radithalr/data-engineer-learn/dags/example.py for tasks to queue
[2025-07-01T23:04:54.797+0700] {logging_mixin.py:190} INFO - [2025-07-01T23:04:54.797+0700] {dagbag.py:588} INFO - Filling up the DagBag from /home/radithalr/data-engineer-learn/dags/example.py
[2025-07-01T23:04:54.824+0700] {processor.py:925} INFO - DAG(s) 'example' retrieved from /home/radithalr/data-engineer-learn/dags/example.py
[2025-07-01T23:04:54.869+0700] {logging_mixin.py:190} INFO - [2025-07-01T23:04:54.868+0700] {dag.py:3239} INFO - Sync 1 DAGs
[2025-07-01T23:04:54.910+0700] {logging_mixin.py:190} INFO - [2025-07-01T23:04:54.910+0700] {dag.py:4180} INFO - Setting next_dagrun for example to 2025-07-01 00:00:00+00:00, run_after=2025-07-02 00:00:00+00:00
[2025-07-01T23:04:54.962+0700] {processor.py:208} INFO - Processing /home/radithalr/data-engineer-learn/dags/example.py took 0.182 seconds
[2025-07-01T23:05:26.006+0700] {processor.py:186} INFO - Started process (PID=114200) to work on /home/radithalr/data-engineer-learn/dags/example.py
[2025-07-01T23:05:26.017+0700] {processor.py:914} INFO - Processing file /home/radithalr/data-engineer-learn/dags/example.py for tasks to queue
[2025-07-01T23:05:26.024+0700] {logging_mixin.py:190} INFO - [2025-07-01T23:05:26.023+0700] {dagbag.py:588} INFO - Filling up the DagBag from /home/radithalr/data-engineer-learn/dags/example.py
[2025-07-01T23:05:26.055+0700] {processor.py:925} INFO - DAG(s) 'example' retrieved from /home/radithalr/data-engineer-learn/dags/example.py
[2025-07-01T23:05:26.112+0700] {logging_mixin.py:190} INFO - [2025-07-01T23:05:26.112+0700] {dag.py:3239} INFO - Sync 1 DAGs
[2025-07-01T23:05:26.159+0700] {logging_mixin.py:190} INFO - [2025-07-01T23:05:26.159+0700] {dag.py:4180} INFO - Setting next_dagrun for example to 2025-07-01 00:00:00+00:00, run_after=2025-07-02 00:00:00+00:00
[2025-07-01T23:05:26.204+0700] {processor.py:208} INFO - Processing /home/radithalr/data-engineer-learn/dags/example.py took 0.211 seconds
[2025-07-01T23:05:57.284+0700] {processor.py:186} INFO - Started process (PID=114339) to work on /home/radithalr/data-engineer-learn/dags/example.py
[2025-07-01T23:05:57.296+0700] {processor.py:914} INFO - Processing file /home/radithalr/data-engineer-learn/dags/example.py for tasks to queue
[2025-07-01T23:05:57.302+0700] {logging_mixin.py:190} INFO - [2025-07-01T23:05:57.301+0700] {dagbag.py:588} INFO - Filling up the DagBag from /home/radithalr/data-engineer-learn/dags/example.py
[2025-07-01T23:05:57.331+0700] {processor.py:925} INFO - DAG(s) 'example' retrieved from /home/radithalr/data-engineer-learn/dags/example.py
[2025-07-01T23:05:57.381+0700] {logging_mixin.py:190} INFO - [2025-07-01T23:05:57.380+0700] {dag.py:3239} INFO - Sync 1 DAGs
[2025-07-01T23:05:57.435+0700] {logging_mixin.py:190} INFO - [2025-07-01T23:05:57.434+0700] {dag.py:4180} INFO - Setting next_dagrun for example to 2025-07-01 00:00:00+00:00, run_after=2025-07-02 00:00:00+00:00
[2025-07-01T23:05:57.492+0700] {processor.py:208} INFO - Processing /home/radithalr/data-engineer-learn/dags/example.py took 0.219 seconds
[2025-07-01T23:06:28.494+0700] {processor.py:186} INFO - Started process (PID=114425) to work on /home/radithalr/data-engineer-learn/dags/example.py
[2025-07-01T23:06:28.496+0700] {processor.py:914} INFO - Processing file /home/radithalr/data-engineer-learn/dags/example.py for tasks to queue
[2025-07-01T23:06:28.502+0700] {logging_mixin.py:190} INFO - [2025-07-01T23:06:28.501+0700] {dagbag.py:588} INFO - Filling up the DagBag from /home/radithalr/data-engineer-learn/dags/example.py
[2025-07-01T23:06:28.539+0700] {processor.py:925} INFO - DAG(s) 'example' retrieved from /home/radithalr/data-engineer-learn/dags/example.py
[2025-07-01T23:06:28.589+0700] {logging_mixin.py:190} INFO - [2025-07-01T23:06:28.588+0700] {dag.py:3239} INFO - Sync 1 DAGs
[2025-07-01T23:06:28.633+0700] {logging_mixin.py:190} INFO - [2025-07-01T23:06:28.632+0700] {dag.py:4180} INFO - Setting next_dagrun for example to 2025-07-01 00:00:00+00:00, run_after=2025-07-02 00:00:00+00:00
[2025-07-01T23:06:28.682+0700] {processor.py:208} INFO - Processing /home/radithalr/data-engineer-learn/dags/example.py took 0.199 seconds
[2025-07-01T23:06:59.611+0700] {processor.py:186} INFO - Started process (PID=114452) to work on /home/radithalr/data-engineer-learn/dags/example.py
[2025-07-01T23:06:59.613+0700] {processor.py:914} INFO - Processing file /home/radithalr/data-engineer-learn/dags/example.py for tasks to queue
[2025-07-01T23:06:59.619+0700] {logging_mixin.py:190} INFO - [2025-07-01T23:06:59.618+0700] {dagbag.py:588} INFO - Filling up the DagBag from /home/radithalr/data-engineer-learn/dags/example.py
[2025-07-01T23:06:59.648+0700] {processor.py:925} INFO - DAG(s) 'example' retrieved from /home/radithalr/data-engineer-learn/dags/example.py
[2025-07-01T23:06:59.703+0700] {logging_mixin.py:190} INFO - [2025-07-01T23:06:59.702+0700] {dag.py:3239} INFO - Sync 1 DAGs
[2025-07-01T23:06:59.744+0700] {logging_mixin.py:190} INFO - [2025-07-01T23:06:59.744+0700] {dag.py:4180} INFO - Setting next_dagrun for example to 2025-07-01 00:00:00+00:00, run_after=2025-07-02 00:00:00+00:00
[2025-07-01T23:06:59.795+0700] {processor.py:208} INFO - Processing /home/radithalr/data-engineer-learn/dags/example.py took 0.198 seconds
[2025-07-01T23:07:25.786+0700] {processor.py:186} INFO - Started process (PID=114525) to work on /home/radithalr/data-engineer-learn/dags/example.py
[2025-07-01T23:07:25.789+0700] {processor.py:914} INFO - Processing file /home/radithalr/data-engineer-learn/dags/example.py for tasks to queue
[2025-07-01T23:07:25.796+0700] {logging_mixin.py:190} INFO - [2025-07-01T23:07:25.794+0700] {dagbag.py:588} INFO - Filling up the DagBag from /home/radithalr/data-engineer-learn/dags/example.py
[2025-07-01T23:07:25.811+0700] {logging_mixin.py:190} INFO - [2025-07-01T23:07:25.806+0700] {dagbag.py:387} ERROR - Failed to import: /home/radithalr/data-engineer-learn/dags/example.py
Traceback (most recent call last):
  File "/home/radithalr/data-engineer-learn/.airflow/lib/python3.12/site-packages/airflow/models/dagbag.py", line 383, in parse
    loader.exec_module(new_module)
  File "<frozen importlib._bootstrap_external>", line 991, in exec_module
  File "<frozen importlib._bootstrap_external>", line 1129, in get_code
  File "<frozen importlib._bootstrap_external>", line 1059, in source_to_code
  File "<frozen importlib._bootstrap>", line 488, in _call_with_frames_removed
  File "/home/radithalr/data-engineer-learn/dags/example.py", line 24
    task_id="print_hello_world_python"
            ^^^^^^^
SyntaxError: invalid syntax. Perhaps you forgot a comma?
[2025-07-01T23:07:25.812+0700] {processor.py:927} WARNING - No viable dags retrieved from /home/radithalr/data-engineer-learn/dags/example.py
[2025-07-01T23:07:25.870+0700] {processor.py:208} INFO - Processing /home/radithalr/data-engineer-learn/dags/example.py took 0.097 seconds
[2025-07-01T23:07:57.000+0700] {processor.py:186} INFO - Started process (PID=114672) to work on /home/radithalr/data-engineer-learn/dags/example.py
[2025-07-01T23:07:57.013+0700] {processor.py:914} INFO - Processing file /home/radithalr/data-engineer-learn/dags/example.py for tasks to queue
[2025-07-01T23:07:57.018+0700] {logging_mixin.py:190} INFO - [2025-07-01T23:07:57.017+0700] {dagbag.py:588} INFO - Filling up the DagBag from /home/radithalr/data-engineer-learn/dags/example.py
[2025-07-01T23:07:57.040+0700] {logging_mixin.py:190} INFO - [2025-07-01T23:07:57.035+0700] {dagbag.py:387} ERROR - Failed to import: /home/radithalr/data-engineer-learn/dags/example.py
Traceback (most recent call last):
  File "/home/radithalr/data-engineer-learn/.airflow/lib/python3.12/site-packages/airflow/models/dagbag.py", line 383, in parse
    loader.exec_module(new_module)
  File "<frozen importlib._bootstrap_external>", line 995, in exec_module
  File "<frozen importlib._bootstrap>", line 488, in _call_with_frames_removed
  File "/home/radithalr/data-engineer-learn/dags/example.py", line 25, in <module>
    python_callable=hello_guys,
                    ^^^^^^^^^^
NameError: name 'hello_guys' is not defined
[2025-07-01T23:07:57.044+0700] {processor.py:927} WARNING - No viable dags retrieved from /home/radithalr/data-engineer-learn/dags/example.py
[2025-07-01T23:07:57.086+0700] {processor.py:208} INFO - Processing /home/radithalr/data-engineer-learn/dags/example.py took 0.097 seconds
[2025-07-01T23:08:16.825+0700] {processor.py:186} INFO - Started process (PID=114807) to work on /home/radithalr/data-engineer-learn/dags/example.py
[2025-07-01T23:08:16.828+0700] {processor.py:914} INFO - Processing file /home/radithalr/data-engineer-learn/dags/example.py for tasks to queue
[2025-07-01T23:08:16.832+0700] {logging_mixin.py:190} INFO - [2025-07-01T23:08:16.831+0700] {dagbag.py:588} INFO - Filling up the DagBag from /home/radithalr/data-engineer-learn/dags/example.py
[2025-07-01T23:08:16.863+0700] {processor.py:925} INFO - DAG(s) 'example' retrieved from /home/radithalr/data-engineer-learn/dags/example.py
[2025-07-01T23:08:17.083+0700] {logging_mixin.py:190} INFO - [2025-07-01T23:08:17.082+0700] {dag.py:3239} INFO - Sync 1 DAGs
[2025-07-01T23:08:17.435+0700] {logging_mixin.py:190} INFO - [2025-07-01T23:08:17.435+0700] {dag.py:4180} INFO - Setting next_dagrun for example to 2025-07-01 00:00:00+00:00, run_after=2025-07-02 00:00:00+00:00
[2025-07-01T23:08:17.500+0700] {processor.py:208} INFO - Processing /home/radithalr/data-engineer-learn/dags/example.py took 0.689 seconds
[2025-07-01T23:08:48.368+0700] {processor.py:186} INFO - Started process (PID=115147) to work on /home/radithalr/data-engineer-learn/dags/example.py
[2025-07-01T23:08:48.371+0700] {processor.py:914} INFO - Processing file /home/radithalr/data-engineer-learn/dags/example.py for tasks to queue
[2025-07-01T23:08:48.375+0700] {logging_mixin.py:190} INFO - [2025-07-01T23:08:48.374+0700] {dagbag.py:588} INFO - Filling up the DagBag from /home/radithalr/data-engineer-learn/dags/example.py
[2025-07-01T23:08:48.397+0700] {processor.py:925} INFO - DAG(s) 'example' retrieved from /home/radithalr/data-engineer-learn/dags/example.py
[2025-07-01T23:08:48.452+0700] {logging_mixin.py:190} INFO - [2025-07-01T23:08:48.452+0700] {dag.py:3239} INFO - Sync 1 DAGs
[2025-07-01T23:08:48.498+0700] {logging_mixin.py:190} INFO - [2025-07-01T23:08:48.498+0700] {dag.py:4180} INFO - Setting next_dagrun for example to 2025-07-01 00:00:00+00:00, run_after=2025-07-02 00:00:00+00:00
[2025-07-01T23:08:48.550+0700] {processor.py:208} INFO - Processing /home/radithalr/data-engineer-learn/dags/example.py took 0.193 seconds
[2025-07-01T23:09:18.740+0700] {processor.py:186} INFO - Started process (PID=115226) to work on /home/radithalr/data-engineer-learn/dags/example.py
[2025-07-01T23:09:18.751+0700] {processor.py:914} INFO - Processing file /home/radithalr/data-engineer-learn/dags/example.py for tasks to queue
[2025-07-01T23:09:18.756+0700] {logging_mixin.py:190} INFO - [2025-07-01T23:09:18.755+0700] {dagbag.py:588} INFO - Filling up the DagBag from /home/radithalr/data-engineer-learn/dags/example.py
[2025-07-01T23:09:18.780+0700] {processor.py:925} INFO - DAG(s) 'example' retrieved from /home/radithalr/data-engineer-learn/dags/example.py
[2025-07-01T23:09:18.833+0700] {logging_mixin.py:190} INFO - [2025-07-01T23:09:18.833+0700] {dag.py:3239} INFO - Sync 1 DAGs
[2025-07-01T23:09:18.882+0700] {logging_mixin.py:190} INFO - [2025-07-01T23:09:18.881+0700] {dag.py:4180} INFO - Setting next_dagrun for example to 2025-07-01 00:00:00+00:00, run_after=2025-07-02 00:00:00+00:00
[2025-07-01T23:09:18.931+0700] {processor.py:208} INFO - Processing /home/radithalr/data-engineer-learn/dags/example.py took 0.202 seconds
[2025-07-01T23:09:49.426+0700] {processor.py:186} INFO - Started process (PID=115253) to work on /home/radithalr/data-engineer-learn/dags/example.py
[2025-07-01T23:09:49.462+0700] {processor.py:914} INFO - Processing file /home/radithalr/data-engineer-learn/dags/example.py for tasks to queue
[2025-07-01T23:09:49.474+0700] {logging_mixin.py:190} INFO - [2025-07-01T23:09:49.469+0700] {dagbag.py:588} INFO - Filling up the DagBag from /home/radithalr/data-engineer-learn/dags/example.py
[2025-07-01T23:09:49.506+0700] {processor.py:925} INFO - DAG(s) 'example' retrieved from /home/radithalr/data-engineer-learn/dags/example.py
[2025-07-01T23:09:49.555+0700] {logging_mixin.py:190} INFO - [2025-07-01T23:09:49.555+0700] {dag.py:3239} INFO - Sync 1 DAGs
[2025-07-01T23:09:49.600+0700] {logging_mixin.py:190} INFO - [2025-07-01T23:09:49.599+0700] {dag.py:4180} INFO - Setting next_dagrun for example to 2025-07-01 00:00:00+00:00, run_after=2025-07-02 00:00:00+00:00
[2025-07-01T23:09:49.648+0700] {processor.py:208} INFO - Processing /home/radithalr/data-engineer-learn/dags/example.py took 0.235 seconds
[2025-07-01T23:10:20.413+0700] {processor.py:186} INFO - Started process (PID=115357) to work on /home/radithalr/data-engineer-learn/dags/example.py
[2025-07-01T23:10:20.416+0700] {processor.py:914} INFO - Processing file /home/radithalr/data-engineer-learn/dags/example.py for tasks to queue
[2025-07-01T23:10:20.421+0700] {logging_mixin.py:190} INFO - [2025-07-01T23:10:20.420+0700] {dagbag.py:588} INFO - Filling up the DagBag from /home/radithalr/data-engineer-learn/dags/example.py
[2025-07-01T23:10:20.449+0700] {processor.py:925} INFO - DAG(s) 'example' retrieved from /home/radithalr/data-engineer-learn/dags/example.py
[2025-07-01T23:10:20.502+0700] {logging_mixin.py:190} INFO - [2025-07-01T23:10:20.501+0700] {dag.py:3239} INFO - Sync 1 DAGs
[2025-07-01T23:10:20.546+0700] {logging_mixin.py:190} INFO - [2025-07-01T23:10:20.545+0700] {dag.py:4180} INFO - Setting next_dagrun for example to 2025-07-01 00:00:00+00:00, run_after=2025-07-02 00:00:00+00:00
[2025-07-01T23:10:20.592+0700] {processor.py:208} INFO - Processing /home/radithalr/data-engineer-learn/dags/example.py took 0.192 seconds
[2025-07-01T23:10:51.089+0700] {processor.py:186} INFO - Started process (PID=115540) to work on /home/radithalr/data-engineer-learn/dags/example.py
[2025-07-01T23:10:51.099+0700] {processor.py:914} INFO - Processing file /home/radithalr/data-engineer-learn/dags/example.py for tasks to queue
[2025-07-01T23:10:51.104+0700] {logging_mixin.py:190} INFO - [2025-07-01T23:10:51.103+0700] {dagbag.py:588} INFO - Filling up the DagBag from /home/radithalr/data-engineer-learn/dags/example.py
[2025-07-01T23:10:51.127+0700] {processor.py:925} INFO - DAG(s) 'example' retrieved from /home/radithalr/data-engineer-learn/dags/example.py
[2025-07-01T23:10:51.168+0700] {logging_mixin.py:190} INFO - [2025-07-01T23:10:51.168+0700] {dag.py:3239} INFO - Sync 1 DAGs
[2025-07-01T23:10:51.208+0700] {logging_mixin.py:190} INFO - [2025-07-01T23:10:51.207+0700] {dag.py:4180} INFO - Setting next_dagrun for example to 2025-07-01 00:00:00+00:00, run_after=2025-07-02 00:00:00+00:00
[2025-07-01T23:10:51.251+0700] {processor.py:208} INFO - Processing /home/radithalr/data-engineer-learn/dags/example.py took 0.175 seconds
[2025-07-01T23:11:21.388+0700] {processor.py:186} INFO - Started process (PID=115620) to work on /home/radithalr/data-engineer-learn/dags/example.py
[2025-07-01T23:11:21.398+0700] {processor.py:914} INFO - Processing file /home/radithalr/data-engineer-learn/dags/example.py for tasks to queue
[2025-07-01T23:11:21.402+0700] {logging_mixin.py:190} INFO - [2025-07-01T23:11:21.401+0700] {dagbag.py:588} INFO - Filling up the DagBag from /home/radithalr/data-engineer-learn/dags/example.py
[2025-07-01T23:11:21.428+0700] {processor.py:925} INFO - DAG(s) 'example' retrieved from /home/radithalr/data-engineer-learn/dags/example.py
[2025-07-01T23:11:21.472+0700] {logging_mixin.py:190} INFO - [2025-07-01T23:11:21.471+0700] {dag.py:3239} INFO - Sync 1 DAGs
[2025-07-01T23:11:21.516+0700] {logging_mixin.py:190} INFO - [2025-07-01T23:11:21.516+0700] {dag.py:4180} INFO - Setting next_dagrun for example to 2025-07-01 00:00:00+00:00, run_after=2025-07-02 00:00:00+00:00
[2025-07-01T23:11:21.813+0700] {processor.py:208} INFO - Processing /home/radithalr/data-engineer-learn/dags/example.py took 0.437 seconds
[2025-07-01T23:11:52.825+0700] {processor.py:186} INFO - Started process (PID=115647) to work on /home/radithalr/data-engineer-learn/dags/example.py
[2025-07-01T23:11:52.826+0700] {processor.py:914} INFO - Processing file /home/radithalr/data-engineer-learn/dags/example.py for tasks to queue
[2025-07-01T23:11:52.831+0700] {logging_mixin.py:190} INFO - [2025-07-01T23:11:52.830+0700] {dagbag.py:588} INFO - Filling up the DagBag from /home/radithalr/data-engineer-learn/dags/example.py
[2025-07-01T23:11:52.861+0700] {processor.py:925} INFO - DAG(s) 'example' retrieved from /home/radithalr/data-engineer-learn/dags/example.py
[2025-07-01T23:11:52.908+0700] {logging_mixin.py:190} INFO - [2025-07-01T23:11:52.908+0700] {dag.py:3239} INFO - Sync 1 DAGs
[2025-07-01T23:11:53.215+0700] {logging_mixin.py:190} INFO - [2025-07-01T23:11:53.215+0700] {dag.py:4180} INFO - Setting next_dagrun for example to 2025-07-01 00:00:00+00:00, run_after=2025-07-02 00:00:00+00:00
[2025-07-01T23:11:53.254+0700] {processor.py:208} INFO - Processing /home/radithalr/data-engineer-learn/dags/example.py took 0.442 seconds
[2025-07-01T23:12:23.917+0700] {processor.py:186} INFO - Started process (PID=115726) to work on /home/radithalr/data-engineer-learn/dags/example.py
[2025-07-01T23:12:23.927+0700] {processor.py:914} INFO - Processing file /home/radithalr/data-engineer-learn/dags/example.py for tasks to queue
[2025-07-01T23:12:23.933+0700] {logging_mixin.py:190} INFO - [2025-07-01T23:12:23.932+0700] {dagbag.py:588} INFO - Filling up the DagBag from /home/radithalr/data-engineer-learn/dags/example.py
[2025-07-01T23:12:23.956+0700] {processor.py:925} INFO - DAG(s) 'example' retrieved from /home/radithalr/data-engineer-learn/dags/example.py
[2025-07-01T23:12:24.002+0700] {logging_mixin.py:190} INFO - [2025-07-01T23:12:24.001+0700] {dag.py:3239} INFO - Sync 1 DAGs
[2025-07-01T23:12:24.334+0700] {logging_mixin.py:190} INFO - [2025-07-01T23:12:24.333+0700] {dag.py:4180} INFO - Setting next_dagrun for example to 2025-07-01 00:00:00+00:00, run_after=2025-07-02 00:00:00+00:00
[2025-07-01T23:12:24.367+0700] {processor.py:208} INFO - Processing /home/radithalr/data-engineer-learn/dags/example.py took 0.462 seconds
[2025-07-01T23:12:55.471+0700] {processor.py:186} INFO - Started process (PID=115751) to work on /home/radithalr/data-engineer-learn/dags/example.py
[2025-07-01T23:12:55.473+0700] {processor.py:914} INFO - Processing file /home/radithalr/data-engineer-learn/dags/example.py for tasks to queue
[2025-07-01T23:12:55.478+0700] {logging_mixin.py:190} INFO - [2025-07-01T23:12:55.477+0700] {dagbag.py:588} INFO - Filling up the DagBag from /home/radithalr/data-engineer-learn/dags/example.py
[2025-07-01T23:12:55.502+0700] {processor.py:925} INFO - DAG(s) 'example' retrieved from /home/radithalr/data-engineer-learn/dags/example.py
[2025-07-01T23:12:55.546+0700] {logging_mixin.py:190} INFO - [2025-07-01T23:12:55.546+0700] {dag.py:3239} INFO - Sync 1 DAGs
[2025-07-01T23:12:55.812+0700] {logging_mixin.py:190} INFO - [2025-07-01T23:12:55.811+0700] {dag.py:4180} INFO - Setting next_dagrun for example to 2025-07-01 00:00:00+00:00, run_after=2025-07-02 00:00:00+00:00
[2025-07-01T23:12:55.845+0700] {processor.py:208} INFO - Processing /home/radithalr/data-engineer-learn/dags/example.py took 0.386 seconds
[2025-07-01T23:13:26.386+0700] {processor.py:186} INFO - Started process (PID=115830) to work on /home/radithalr/data-engineer-learn/dags/example.py
[2025-07-01T23:13:26.389+0700] {processor.py:914} INFO - Processing file /home/radithalr/data-engineer-learn/dags/example.py for tasks to queue
[2025-07-01T23:13:26.394+0700] {logging_mixin.py:190} INFO - [2025-07-01T23:13:26.393+0700] {dagbag.py:588} INFO - Filling up the DagBag from /home/radithalr/data-engineer-learn/dags/example.py
[2025-07-01T23:13:26.421+0700] {processor.py:925} INFO - DAG(s) 'example' retrieved from /home/radithalr/data-engineer-learn/dags/example.py
[2025-07-01T23:13:26.759+0700] {logging_mixin.py:190} INFO - [2025-07-01T23:13:26.758+0700] {dag.py:3239} INFO - Sync 1 DAGs
[2025-07-01T23:13:26.797+0700] {logging_mixin.py:190} INFO - [2025-07-01T23:13:26.797+0700] {dag.py:4180} INFO - Setting next_dagrun for example to 2025-07-01 00:00:00+00:00, run_after=2025-07-02 00:00:00+00:00
[2025-07-01T23:13:26.836+0700] {processor.py:208} INFO - Processing /home/radithalr/data-engineer-learn/dags/example.py took 0.464 seconds
[2025-07-01T23:13:56.997+0700] {processor.py:186} INFO - Started process (PID=115855) to work on /home/radithalr/data-engineer-learn/dags/example.py
[2025-07-01T23:13:56.999+0700] {processor.py:914} INFO - Processing file /home/radithalr/data-engineer-learn/dags/example.py for tasks to queue
[2025-07-01T23:13:57.003+0700] {logging_mixin.py:190} INFO - [2025-07-01T23:13:57.002+0700] {dagbag.py:588} INFO - Filling up the DagBag from /home/radithalr/data-engineer-learn/dags/example.py
[2025-07-01T23:13:57.298+0700] {processor.py:925} INFO - DAG(s) 'example' retrieved from /home/radithalr/data-engineer-learn/dags/example.py
[2025-07-01T23:13:57.332+0700] {logging_mixin.py:190} INFO - [2025-07-01T23:13:57.331+0700] {dag.py:3239} INFO - Sync 1 DAGs
[2025-07-01T23:13:57.363+0700] {logging_mixin.py:190} INFO - [2025-07-01T23:13:57.363+0700] {dag.py:4180} INFO - Setting next_dagrun for example to 2025-07-01 00:00:00+00:00, run_after=2025-07-02 00:00:00+00:00
[2025-07-01T23:13:57.414+0700] {processor.py:208} INFO - Processing /home/radithalr/data-engineer-learn/dags/example.py took 0.428 seconds
[2025-07-01T23:14:27.847+0700] {processor.py:186} INFO - Started process (PID=115936) to work on /home/radithalr/data-engineer-learn/dags/example.py
[2025-07-01T23:14:27.851+0700] {processor.py:914} INFO - Processing file /home/radithalr/data-engineer-learn/dags/example.py for tasks to queue
[2025-07-01T23:14:27.856+0700] {logging_mixin.py:190} INFO - [2025-07-01T23:14:27.855+0700] {dagbag.py:588} INFO - Filling up the DagBag from /home/radithalr/data-engineer-learn/dags/example.py
[2025-07-01T23:14:27.887+0700] {processor.py:925} INFO - DAG(s) 'example' retrieved from /home/radithalr/data-engineer-learn/dags/example.py
[2025-07-01T23:14:27.941+0700] {logging_mixin.py:190} INFO - [2025-07-01T23:14:27.941+0700] {dag.py:3239} INFO - Sync 1 DAGs
[2025-07-01T23:14:27.987+0700] {logging_mixin.py:190} INFO - [2025-07-01T23:14:27.987+0700] {dag.py:4180} INFO - Setting next_dagrun for example to 2025-07-01 00:00:00+00:00, run_after=2025-07-02 00:00:00+00:00
[2025-07-01T23:14:28.037+0700] {processor.py:208} INFO - Processing /home/radithalr/data-engineer-learn/dags/example.py took 0.206 seconds
[2025-07-01T23:14:58.729+0700] {processor.py:186} INFO - Started process (PID=115961) to work on /home/radithalr/data-engineer-learn/dags/example.py
[2025-07-01T23:14:58.730+0700] {processor.py:914} INFO - Processing file /home/radithalr/data-engineer-learn/dags/example.py for tasks to queue
[2025-07-01T23:14:58.735+0700] {logging_mixin.py:190} INFO - [2025-07-01T23:14:58.734+0700] {dagbag.py:588} INFO - Filling up the DagBag from /home/radithalr/data-engineer-learn/dags/example.py
[2025-07-01T23:14:58.769+0700] {processor.py:925} INFO - DAG(s) 'example' retrieved from /home/radithalr/data-engineer-learn/dags/example.py
[2025-07-01T23:14:58.819+0700] {logging_mixin.py:190} INFO - [2025-07-01T23:14:58.818+0700] {dag.py:3239} INFO - Sync 1 DAGs
[2025-07-01T23:14:58.863+0700] {logging_mixin.py:190} INFO - [2025-07-01T23:14:58.862+0700] {dag.py:4180} INFO - Setting next_dagrun for example to 2025-07-01 00:00:00+00:00, run_after=2025-07-02 00:00:00+00:00
[2025-07-01T23:14:58.913+0700] {processor.py:208} INFO - Processing /home/radithalr/data-engineer-learn/dags/example.py took 0.196 seconds
[2025-07-01T23:15:29.055+0700] {processor.py:186} INFO - Started process (PID=116065) to work on /home/radithalr/data-engineer-learn/dags/example.py
[2025-07-01T23:15:29.066+0700] {processor.py:914} INFO - Processing file /home/radithalr/data-engineer-learn/dags/example.py for tasks to queue
[2025-07-01T23:15:29.072+0700] {logging_mixin.py:190} INFO - [2025-07-01T23:15:29.071+0700] {dagbag.py:588} INFO - Filling up the DagBag from /home/radithalr/data-engineer-learn/dags/example.py
[2025-07-01T23:15:29.101+0700] {processor.py:925} INFO - DAG(s) 'example' retrieved from /home/radithalr/data-engineer-learn/dags/example.py
[2025-07-01T23:15:29.149+0700] {logging_mixin.py:190} INFO - [2025-07-01T23:15:29.148+0700] {dag.py:3239} INFO - Sync 1 DAGs
[2025-07-01T23:15:29.191+0700] {logging_mixin.py:190} INFO - [2025-07-01T23:15:29.190+0700] {dag.py:4180} INFO - Setting next_dagrun for example to 2025-07-01 00:00:00+00:00, run_after=2025-07-02 00:00:00+00:00
[2025-07-01T23:15:29.236+0700] {processor.py:208} INFO - Processing /home/radithalr/data-engineer-learn/dags/example.py took 0.193 seconds
[2025-07-01T23:15:59.288+0700] {processor.py:186} INFO - Started process (PID=116125) to work on /home/radithalr/data-engineer-learn/dags/example.py
[2025-07-01T23:15:59.290+0700] {processor.py:914} INFO - Processing file /home/radithalr/data-engineer-learn/dags/example.py for tasks to queue
[2025-07-01T23:15:59.294+0700] {logging_mixin.py:190} INFO - [2025-07-01T23:15:59.293+0700] {dagbag.py:588} INFO - Filling up the DagBag from /home/radithalr/data-engineer-learn/dags/example.py
[2025-07-01T23:15:59.322+0700] {processor.py:925} INFO - DAG(s) 'example' retrieved from /home/radithalr/data-engineer-learn/dags/example.py
[2025-07-01T23:15:59.372+0700] {logging_mixin.py:190} INFO - [2025-07-01T23:15:59.372+0700] {dag.py:3239} INFO - Sync 1 DAGs
[2025-07-01T23:15:59.412+0700] {logging_mixin.py:190} INFO - [2025-07-01T23:15:59.411+0700] {dag.py:4180} INFO - Setting next_dagrun for example to 2025-07-01 00:00:00+00:00, run_after=2025-07-02 00:00:00+00:00
[2025-07-01T23:15:59.463+0700] {processor.py:208} INFO - Processing /home/radithalr/data-engineer-learn/dags/example.py took 0.191 seconds
[2025-07-01T23:16:30.421+0700] {processor.py:186} INFO - Started process (PID=116205) to work on /home/radithalr/data-engineer-learn/dags/example.py
[2025-07-01T23:16:30.424+0700] {processor.py:914} INFO - Processing file /home/radithalr/data-engineer-learn/dags/example.py for tasks to queue
[2025-07-01T23:16:30.430+0700] {logging_mixin.py:190} INFO - [2025-07-01T23:16:30.429+0700] {dagbag.py:588} INFO - Filling up the DagBag from /home/radithalr/data-engineer-learn/dags/example.py
[2025-07-01T23:16:30.461+0700] {processor.py:925} INFO - DAG(s) 'example' retrieved from /home/radithalr/data-engineer-learn/dags/example.py
[2025-07-01T23:16:30.514+0700] {logging_mixin.py:190} INFO - [2025-07-01T23:16:30.513+0700] {dag.py:3239} INFO - Sync 1 DAGs
[2025-07-01T23:16:30.557+0700] {logging_mixin.py:190} INFO - [2025-07-01T23:16:30.557+0700] {dag.py:4180} INFO - Setting next_dagrun for example to 2025-07-01 00:00:00+00:00, run_after=2025-07-02 00:00:00+00:00
[2025-07-01T23:16:30.607+0700] {processor.py:208} INFO - Processing /home/radithalr/data-engineer-learn/dags/example.py took 0.198 seconds
[2025-07-01T23:17:01.494+0700] {processor.py:186} INFO - Started process (PID=116230) to work on /home/radithalr/data-engineer-learn/dags/example.py
[2025-07-01T23:17:01.495+0700] {processor.py:914} INFO - Processing file /home/radithalr/data-engineer-learn/dags/example.py for tasks to queue
[2025-07-01T23:17:01.500+0700] {logging_mixin.py:190} INFO - [2025-07-01T23:17:01.499+0700] {dagbag.py:588} INFO - Filling up the DagBag from /home/radithalr/data-engineer-learn/dags/example.py
[2025-07-01T23:17:01.530+0700] {processor.py:925} INFO - DAG(s) 'example' retrieved from /home/radithalr/data-engineer-learn/dags/example.py
[2025-07-01T23:17:01.579+0700] {logging_mixin.py:190} INFO - [2025-07-01T23:17:01.579+0700] {dag.py:3239} INFO - Sync 1 DAGs
[2025-07-01T23:17:01.623+0700] {logging_mixin.py:190} INFO - [2025-07-01T23:17:01.622+0700] {dag.py:4180} INFO - Setting next_dagrun for example to 2025-07-01 00:00:00+00:00, run_after=2025-07-02 00:00:00+00:00
[2025-07-01T23:17:01.671+0700] {processor.py:208} INFO - Processing /home/radithalr/data-engineer-learn/dags/example.py took 0.190 seconds
[2025-07-01T23:17:32.599+0700] {processor.py:186} INFO - Started process (PID=116314) to work on /home/radithalr/data-engineer-learn/dags/example.py
[2025-07-01T23:17:32.602+0700] {processor.py:914} INFO - Processing file /home/radithalr/data-engineer-learn/dags/example.py for tasks to queue
[2025-07-01T23:17:32.609+0700] {logging_mixin.py:190} INFO - [2025-07-01T23:17:32.608+0700] {dagbag.py:588} INFO - Filling up the DagBag from /home/radithalr/data-engineer-learn/dags/example.py
[2025-07-01T23:17:32.639+0700] {processor.py:925} INFO - DAG(s) 'example' retrieved from /home/radithalr/data-engineer-learn/dags/example.py
[2025-07-01T23:17:32.691+0700] {logging_mixin.py:190} INFO - [2025-07-01T23:17:32.690+0700] {dag.py:3239} INFO - Sync 1 DAGs
[2025-07-01T23:17:32.733+0700] {logging_mixin.py:190} INFO - [2025-07-01T23:17:32.733+0700] {dag.py:4180} INFO - Setting next_dagrun for example to 2025-07-01 00:00:00+00:00, run_after=2025-07-02 00:00:00+00:00
[2025-07-01T23:17:32.786+0700] {processor.py:208} INFO - Processing /home/radithalr/data-engineer-learn/dags/example.py took 0.201 seconds
[2025-07-01T23:18:03.721+0700] {processor.py:186} INFO - Started process (PID=116339) to work on /home/radithalr/data-engineer-learn/dags/example.py
[2025-07-01T23:18:03.722+0700] {processor.py:914} INFO - Processing file /home/radithalr/data-engineer-learn/dags/example.py for tasks to queue
[2025-07-01T23:18:03.727+0700] {logging_mixin.py:190} INFO - [2025-07-01T23:18:03.726+0700] {dagbag.py:588} INFO - Filling up the DagBag from /home/radithalr/data-engineer-learn/dags/example.py
[2025-07-01T23:18:03.758+0700] {processor.py:925} INFO - DAG(s) 'example' retrieved from /home/radithalr/data-engineer-learn/dags/example.py
[2025-07-01T23:18:03.806+0700] {logging_mixin.py:190} INFO - [2025-07-01T23:18:03.806+0700] {dag.py:3239} INFO - Sync 1 DAGs
[2025-07-01T23:18:03.848+0700] {logging_mixin.py:190} INFO - [2025-07-01T23:18:03.847+0700] {dag.py:4180} INFO - Setting next_dagrun for example to 2025-07-01 00:00:00+00:00, run_after=2025-07-02 00:00:00+00:00
[2025-07-01T23:18:03.899+0700] {processor.py:208} INFO - Processing /home/radithalr/data-engineer-learn/dags/example.py took 0.192 seconds
[2025-07-01T23:18:34.841+0700] {processor.py:186} INFO - Started process (PID=116418) to work on /home/radithalr/data-engineer-learn/dags/example.py
[2025-07-01T23:18:34.844+0700] {processor.py:914} INFO - Processing file /home/radithalr/data-engineer-learn/dags/example.py for tasks to queue
[2025-07-01T23:18:34.849+0700] {logging_mixin.py:190} INFO - [2025-07-01T23:18:34.848+0700] {dagbag.py:588} INFO - Filling up the DagBag from /home/radithalr/data-engineer-learn/dags/example.py
[2025-07-01T23:18:34.881+0700] {processor.py:925} INFO - DAG(s) 'example' retrieved from /home/radithalr/data-engineer-learn/dags/example.py
[2025-07-01T23:18:34.933+0700] {logging_mixin.py:190} INFO - [2025-07-01T23:18:34.933+0700] {dag.py:3239} INFO - Sync 1 DAGs
[2025-07-01T23:18:34.977+0700] {logging_mixin.py:190} INFO - [2025-07-01T23:18:34.977+0700] {dag.py:4180} INFO - Setting next_dagrun for example to 2025-07-01 00:00:00+00:00, run_after=2025-07-02 00:00:00+00:00
[2025-07-01T23:18:35.030+0700] {processor.py:208} INFO - Processing /home/radithalr/data-engineer-learn/dags/example.py took 0.203 seconds
[2025-07-01T23:19:06.066+0700] {processor.py:186} INFO - Started process (PID=116445) to work on /home/radithalr/data-engineer-learn/dags/example.py
[2025-07-01T23:19:06.072+0700] {processor.py:914} INFO - Processing file /home/radithalr/data-engineer-learn/dags/example.py for tasks to queue
[2025-07-01T23:19:06.080+0700] {logging_mixin.py:190} INFO - [2025-07-01T23:19:06.079+0700] {dagbag.py:588} INFO - Filling up the DagBag from /home/radithalr/data-engineer-learn/dags/example.py
[2025-07-01T23:19:06.129+0700] {processor.py:925} INFO - DAG(s) 'example' retrieved from /home/radithalr/data-engineer-learn/dags/example.py
[2025-07-01T23:19:06.187+0700] {logging_mixin.py:190} INFO - [2025-07-01T23:19:06.187+0700] {dag.py:3239} INFO - Sync 1 DAGs
[2025-07-01T23:19:06.233+0700] {logging_mixin.py:190} INFO - [2025-07-01T23:19:06.232+0700] {dag.py:4180} INFO - Setting next_dagrun for example to 2025-07-01 00:00:00+00:00, run_after=2025-07-02 00:00:00+00:00
[2025-07-01T23:19:06.276+0700] {processor.py:208} INFO - Processing /home/radithalr/data-engineer-learn/dags/example.py took 0.231 seconds
[2025-07-01T23:19:37.135+0700] {processor.py:186} INFO - Started process (PID=116526) to work on /home/radithalr/data-engineer-learn/dags/example.py
[2025-07-01T23:19:37.148+0700] {processor.py:914} INFO - Processing file /home/radithalr/data-engineer-learn/dags/example.py for tasks to queue
[2025-07-01T23:19:37.153+0700] {logging_mixin.py:190} INFO - [2025-07-01T23:19:37.152+0700] {dagbag.py:588} INFO - Filling up the DagBag from /home/radithalr/data-engineer-learn/dags/example.py
[2025-07-01T23:19:37.177+0700] {processor.py:925} INFO - DAG(s) 'example' retrieved from /home/radithalr/data-engineer-learn/dags/example.py
[2025-07-01T23:19:37.216+0700] {logging_mixin.py:190} INFO - [2025-07-01T23:19:37.216+0700] {dag.py:3239} INFO - Sync 1 DAGs
[2025-07-01T23:19:37.254+0700] {logging_mixin.py:190} INFO - [2025-07-01T23:19:37.254+0700] {dag.py:4180} INFO - Setting next_dagrun for example to 2025-07-01 00:00:00+00:00, run_after=2025-07-02 00:00:00+00:00
[2025-07-01T23:19:37.301+0700] {processor.py:208} INFO - Processing /home/radithalr/data-engineer-learn/dags/example.py took 0.178 seconds
[2025-07-01T23:48:37.608+0700] {processor.py:186} INFO - Started process (PID=116557) to work on /home/radithalr/data-engineer-learn/dags/example.py
[2025-07-01T23:48:37.610+0700] {processor.py:914} INFO - Processing file /home/radithalr/data-engineer-learn/dags/example.py for tasks to queue
[2025-07-01T23:48:37.615+0700] {logging_mixin.py:190} INFO - [2025-07-01T23:48:37.614+0700] {dagbag.py:588} INFO - Filling up the DagBag from /home/radithalr/data-engineer-learn/dags/example.py
[2025-07-01T23:48:37.653+0700] {processor.py:925} INFO - DAG(s) 'example' retrieved from /home/radithalr/data-engineer-learn/dags/example.py
[2025-07-01T23:48:37.715+0700] {logging_mixin.py:190} INFO - [2025-07-01T23:48:37.715+0700] {dag.py:3239} INFO - Sync 1 DAGs
[2025-07-01T23:48:37.832+0700] {logging_mixin.py:190} INFO - [2025-07-01T23:48:37.831+0700] {dag.py:4180} INFO - Setting next_dagrun for example to 2025-07-01 00:00:00+00:00, run_after=2025-07-02 00:00:00+00:00
[2025-07-01T23:48:37.899+0700] {processor.py:208} INFO - Processing /home/radithalr/data-engineer-learn/dags/example.py took 0.304 seconds
[2025-07-01T23:49:08.487+0700] {processor.py:186} INFO - Started process (PID=116730) to work on /home/radithalr/data-engineer-learn/dags/example.py
[2025-07-01T23:49:08.495+0700] {processor.py:914} INFO - Processing file /home/radithalr/data-engineer-learn/dags/example.py for tasks to queue
[2025-07-01T23:49:08.502+0700] {logging_mixin.py:190} INFO - [2025-07-01T23:49:08.500+0700] {dagbag.py:588} INFO - Filling up the DagBag from /home/radithalr/data-engineer-learn/dags/example.py
[2025-07-01T23:49:08.533+0700] {processor.py:925} INFO - DAG(s) 'example' retrieved from /home/radithalr/data-engineer-learn/dags/example.py
[2025-07-01T23:49:08.590+0700] {logging_mixin.py:190} INFO - [2025-07-01T23:49:08.590+0700] {dag.py:3239} INFO - Sync 1 DAGs
[2025-07-01T23:49:08.635+0700] {logging_mixin.py:190} INFO - [2025-07-01T23:49:08.634+0700] {dag.py:4180} INFO - Setting next_dagrun for example to 2025-07-01 00:00:00+00:00, run_after=2025-07-02 00:00:00+00:00
[2025-07-01T23:49:08.671+0700] {processor.py:208} INFO - Processing /home/radithalr/data-engineer-learn/dags/example.py took 0.204 seconds
[2025-07-01T23:49:39.549+0700] {processor.py:186} INFO - Started process (PID=116840) to work on /home/radithalr/data-engineer-learn/dags/example.py
[2025-07-01T23:49:39.552+0700] {processor.py:914} INFO - Processing file /home/radithalr/data-engineer-learn/dags/example.py for tasks to queue
[2025-07-01T23:49:39.562+0700] {logging_mixin.py:190} INFO - [2025-07-01T23:49:39.560+0700] {dagbag.py:588} INFO - Filling up the DagBag from /home/radithalr/data-engineer-learn/dags/example.py
[2025-07-01T23:49:39.596+0700] {processor.py:925} INFO - DAG(s) 'example' retrieved from /home/radithalr/data-engineer-learn/dags/example.py
[2025-07-01T23:49:39.660+0700] {logging_mixin.py:190} INFO - [2025-07-01T23:49:39.660+0700] {dag.py:3239} INFO - Sync 1 DAGs
[2025-07-01T23:49:39.727+0700] {logging_mixin.py:190} INFO - [2025-07-01T23:49:39.726+0700] {dag.py:4180} INFO - Setting next_dagrun for example to 2025-07-01 00:00:00+00:00, run_after=2025-07-02 00:00:00+00:00
[2025-07-01T23:49:39.815+0700] {processor.py:208} INFO - Processing /home/radithalr/data-engineer-learn/dags/example.py took 0.293 seconds
[2025-07-01T23:50:10.562+0700] {processor.py:186} INFO - Started process (PID=116898) to work on /home/radithalr/data-engineer-learn/dags/example.py
[2025-07-01T23:50:10.565+0700] {processor.py:914} INFO - Processing file /home/radithalr/data-engineer-learn/dags/example.py for tasks to queue
[2025-07-01T23:50:10.570+0700] {logging_mixin.py:190} INFO - [2025-07-01T23:50:10.569+0700] {dagbag.py:588} INFO - Filling up the DagBag from /home/radithalr/data-engineer-learn/dags/example.py
[2025-07-01T23:50:10.599+0700] {processor.py:925} INFO - DAG(s) 'example' retrieved from /home/radithalr/data-engineer-learn/dags/example.py
[2025-07-01T23:50:10.652+0700] {logging_mixin.py:190} INFO - [2025-07-01T23:50:10.651+0700] {dag.py:3239} INFO - Sync 1 DAGs
[2025-07-01T23:50:10.701+0700] {logging_mixin.py:190} INFO - [2025-07-01T23:50:10.701+0700] {dag.py:4180} INFO - Setting next_dagrun for example to 2025-07-01 00:00:00+00:00, run_after=2025-07-02 00:00:00+00:00
[2025-07-01T23:50:10.747+0700] {processor.py:208} INFO - Processing /home/radithalr/data-engineer-learn/dags/example.py took 0.198 seconds
[2025-07-01T23:50:41.504+0700] {processor.py:186} INFO - Started process (PID=116984) to work on /home/radithalr/data-engineer-learn/dags/example.py
[2025-07-01T23:50:41.506+0700] {processor.py:914} INFO - Processing file /home/radithalr/data-engineer-learn/dags/example.py for tasks to queue
[2025-07-01T23:50:41.511+0700] {logging_mixin.py:190} INFO - [2025-07-01T23:50:41.510+0700] {dagbag.py:588} INFO - Filling up the DagBag from /home/radithalr/data-engineer-learn/dags/example.py
[2025-07-01T23:50:41.551+0700] {processor.py:925} INFO - DAG(s) 'example' retrieved from /home/radithalr/data-engineer-learn/dags/example.py
[2025-07-01T23:50:41.610+0700] {logging_mixin.py:190} INFO - [2025-07-01T23:50:41.610+0700] {dag.py:3239} INFO - Sync 1 DAGs
[2025-07-01T23:50:41.658+0700] {logging_mixin.py:190} INFO - [2025-07-01T23:50:41.658+0700] {dag.py:4180} INFO - Setting next_dagrun for example to 2025-07-01 00:00:00+00:00, run_after=2025-07-02 00:00:00+00:00
[2025-07-01T23:50:41.701+0700] {processor.py:208} INFO - Processing /home/radithalr/data-engineer-learn/dags/example.py took 0.214 seconds
[2025-07-01T23:51:12.484+0700] {processor.py:186} INFO - Started process (PID=117003) to work on /home/radithalr/data-engineer-learn/dags/example.py
[2025-07-01T23:51:12.485+0700] {processor.py:914} INFO - Processing file /home/radithalr/data-engineer-learn/dags/example.py for tasks to queue
[2025-07-01T23:51:12.490+0700] {logging_mixin.py:190} INFO - [2025-07-01T23:51:12.489+0700] {dagbag.py:588} INFO - Filling up the DagBag from /home/radithalr/data-engineer-learn/dags/example.py
[2025-07-01T23:51:12.518+0700] {processor.py:925} INFO - DAG(s) 'example' retrieved from /home/radithalr/data-engineer-learn/dags/example.py
[2025-07-01T23:51:12.581+0700] {logging_mixin.py:190} INFO - [2025-07-01T23:51:12.580+0700] {dag.py:3239} INFO - Sync 1 DAGs
[2025-07-01T23:51:12.630+0700] {logging_mixin.py:190} INFO - [2025-07-01T23:51:12.629+0700] {dag.py:4180} INFO - Setting next_dagrun for example to 2025-07-01 00:00:00+00:00, run_after=2025-07-02 00:00:00+00:00
[2025-07-01T23:51:12.684+0700] {processor.py:208} INFO - Processing /home/radithalr/data-engineer-learn/dags/example.py took 0.214 seconds
[2025-07-01T23:51:42.890+0700] {processor.py:186} INFO - Started process (PID=117090) to work on /home/radithalr/data-engineer-learn/dags/example.py
[2025-07-01T23:51:42.901+0700] {processor.py:914} INFO - Processing file /home/radithalr/data-engineer-learn/dags/example.py for tasks to queue
[2025-07-01T23:51:42.906+0700] {logging_mixin.py:190} INFO - [2025-07-01T23:51:42.906+0700] {dagbag.py:588} INFO - Filling up the DagBag from /home/radithalr/data-engineer-learn/dags/example.py
[2025-07-01T23:51:42.933+0700] {processor.py:925} INFO - DAG(s) 'example' retrieved from /home/radithalr/data-engineer-learn/dags/example.py
[2025-07-01T23:51:42.984+0700] {logging_mixin.py:190} INFO - [2025-07-01T23:51:42.984+0700] {dag.py:3239} INFO - Sync 1 DAGs
[2025-07-01T23:51:43.028+0700] {logging_mixin.py:190} INFO - [2025-07-01T23:51:43.027+0700] {dag.py:4180} INFO - Setting next_dagrun for example to 2025-07-01 00:00:00+00:00, run_after=2025-07-02 00:00:00+00:00
[2025-07-01T23:51:43.785+0700] {processor.py:208} INFO - Processing /home/radithalr/data-engineer-learn/dags/example.py took 0.207 seconds
[2025-07-01T23:52:13.969+0700] {processor.py:186} INFO - Started process (PID=117109) to work on /home/radithalr/data-engineer-learn/dags/example.py
[2025-07-01T23:52:13.975+0700] {processor.py:914} INFO - Processing file /home/radithalr/data-engineer-learn/dags/example.py for tasks to queue
[2025-07-01T23:52:13.992+0700] {logging_mixin.py:190} INFO - [2025-07-01T23:52:13.990+0700] {dagbag.py:588} INFO - Filling up the DagBag from /home/radithalr/data-engineer-learn/dags/example.py
[2025-07-01T23:52:14.027+0700] {processor.py:925} INFO - DAG(s) 'example' retrieved from /home/radithalr/data-engineer-learn/dags/example.py
[2025-07-01T23:52:14.081+0700] {logging_mixin.py:190} INFO - [2025-07-01T23:52:14.081+0700] {dag.py:3239} INFO - Sync 1 DAGs
[2025-07-01T23:52:14.139+0700] {logging_mixin.py:190} INFO - [2025-07-01T23:52:14.139+0700] {dag.py:4180} INFO - Setting next_dagrun for example to 2025-07-01 00:00:00+00:00, run_after=2025-07-02 00:00:00+00:00
[2025-07-01T23:52:14.187+0700] {processor.py:208} INFO - Processing /home/radithalr/data-engineer-learn/dags/example.py took 0.238 seconds
[2025-07-01T23:52:45.046+0700] {processor.py:186} INFO - Started process (PID=117194) to work on /home/radithalr/data-engineer-learn/dags/example.py
[2025-07-01T23:52:45.057+0700] {processor.py:914} INFO - Processing file /home/radithalr/data-engineer-learn/dags/example.py for tasks to queue
[2025-07-01T23:52:45.063+0700] {logging_mixin.py:190} INFO - [2025-07-01T23:52:45.061+0700] {dagbag.py:588} INFO - Filling up the DagBag from /home/radithalr/data-engineer-learn/dags/example.py
[2025-07-01T23:52:45.087+0700] {processor.py:925} INFO - DAG(s) 'example' retrieved from /home/radithalr/data-engineer-learn/dags/example.py
[2025-07-01T23:52:45.137+0700] {logging_mixin.py:190} INFO - [2025-07-01T23:52:45.136+0700] {dag.py:3239} INFO - Sync 1 DAGs
[2025-07-01T23:52:45.182+0700] {logging_mixin.py:190} INFO - [2025-07-01T23:52:45.182+0700] {dag.py:4180} INFO - Setting next_dagrun for example to 2025-07-01 00:00:00+00:00, run_after=2025-07-02 00:00:00+00:00
[2025-07-01T23:52:45.230+0700] {processor.py:208} INFO - Processing /home/radithalr/data-engineer-learn/dags/example.py took 0.195 seconds
[2025-07-01T23:53:16.096+0700] {processor.py:186} INFO - Started process (PID=117339) to work on /home/radithalr/data-engineer-learn/dags/example.py
[2025-07-01T23:53:16.098+0700] {processor.py:914} INFO - Processing file /home/radithalr/data-engineer-learn/dags/example.py for tasks to queue
[2025-07-01T23:53:16.103+0700] {logging_mixin.py:190} INFO - [2025-07-01T23:53:16.102+0700] {dagbag.py:588} INFO - Filling up the DagBag from /home/radithalr/data-engineer-learn/dags/example.py
[2025-07-01T23:53:16.140+0700] {processor.py:925} INFO - DAG(s) 'example' retrieved from /home/radithalr/data-engineer-learn/dags/example.py
[2025-07-01T23:53:16.201+0700] {logging_mixin.py:190} INFO - [2025-07-01T23:53:16.200+0700] {dag.py:3239} INFO - Sync 1 DAGs
[2025-07-01T23:53:16.255+0700] {logging_mixin.py:190} INFO - [2025-07-01T23:53:16.254+0700] {dag.py:4180} INFO - Setting next_dagrun for example to 2025-07-01 00:00:00+00:00, run_after=2025-07-02 00:00:00+00:00
[2025-07-01T23:53:16.298+0700] {processor.py:208} INFO - Processing /home/radithalr/data-engineer-learn/dags/example.py took 0.218 seconds
[2025-07-01T23:53:47.167+0700] {processor.py:186} INFO - Started process (PID=117552) to work on /home/radithalr/data-engineer-learn/dags/example.py
[2025-07-01T23:53:47.171+0700] {processor.py:914} INFO - Processing file /home/radithalr/data-engineer-learn/dags/example.py for tasks to queue
[2025-07-01T23:53:47.178+0700] {logging_mixin.py:190} INFO - [2025-07-01T23:53:47.177+0700] {dagbag.py:588} INFO - Filling up the DagBag from /home/radithalr/data-engineer-learn/dags/example.py
[2025-07-01T23:53:47.207+0700] {processor.py:925} INFO - DAG(s) 'example' retrieved from /home/radithalr/data-engineer-learn/dags/example.py
[2025-07-01T23:53:47.260+0700] {logging_mixin.py:190} INFO - [2025-07-01T23:53:47.259+0700] {dag.py:3239} INFO - Sync 1 DAGs
[2025-07-01T23:53:47.304+0700] {logging_mixin.py:190} INFO - [2025-07-01T23:53:47.303+0700] {dag.py:4180} INFO - Setting next_dagrun for example to 2025-07-01 00:00:00+00:00, run_after=2025-07-02 00:00:00+00:00
[2025-07-01T23:53:47.353+0700] {processor.py:208} INFO - Processing /home/radithalr/data-engineer-learn/dags/example.py took 0.200 seconds
[2025-07-01T23:54:18.267+0700] {processor.py:186} INFO - Started process (PID=117637) to work on /home/radithalr/data-engineer-learn/dags/example.py
[2025-07-01T23:54:18.269+0700] {processor.py:914} INFO - Processing file /home/radithalr/data-engineer-learn/dags/example.py for tasks to queue
[2025-07-01T23:54:18.275+0700] {logging_mixin.py:190} INFO - [2025-07-01T23:54:18.274+0700] {dagbag.py:588} INFO - Filling up the DagBag from /home/radithalr/data-engineer-learn/dags/example.py
[2025-07-01T23:54:18.306+0700] {processor.py:925} INFO - DAG(s) 'example' retrieved from /home/radithalr/data-engineer-learn/dags/example.py
[2025-07-01T23:54:18.357+0700] {logging_mixin.py:190} INFO - [2025-07-01T23:54:18.357+0700] {dag.py:3239} INFO - Sync 1 DAGs
[2025-07-01T23:54:18.403+0700] {logging_mixin.py:190} INFO - [2025-07-01T23:54:18.402+0700] {dag.py:4180} INFO - Setting next_dagrun for example to 2025-07-01 00:00:00+00:00, run_after=2025-07-02 00:00:00+00:00
[2025-07-01T23:54:18.451+0700] {processor.py:208} INFO - Processing /home/radithalr/data-engineer-learn/dags/example.py took 0.199 seconds
[2025-07-01T23:54:49.447+0700] {processor.py:186} INFO - Started process (PID=117776) to work on /home/radithalr/data-engineer-learn/dags/example.py
[2025-07-01T23:54:49.450+0700] {processor.py:914} INFO - Processing file /home/radithalr/data-engineer-learn/dags/example.py for tasks to queue
[2025-07-01T23:54:49.455+0700] {logging_mixin.py:190} INFO - [2025-07-01T23:54:49.454+0700] {dagbag.py:588} INFO - Filling up the DagBag from /home/radithalr/data-engineer-learn/dags/example.py
[2025-07-01T23:54:49.497+0700] {processor.py:925} INFO - DAG(s) 'example' retrieved from /home/radithalr/data-engineer-learn/dags/example.py
[2025-07-01T23:54:49.572+0700] {logging_mixin.py:190} INFO - [2025-07-01T23:54:49.571+0700] {dag.py:3239} INFO - Sync 1 DAGs
[2025-07-01T23:54:49.630+0700] {logging_mixin.py:190} INFO - [2025-07-01T23:54:49.629+0700] {dag.py:4180} INFO - Setting next_dagrun for example to 2025-07-01 00:00:00+00:00, run_after=2025-07-02 00:00:00+00:00
[2025-07-01T23:54:49.676+0700] {processor.py:208} INFO - Processing /home/radithalr/data-engineer-learn/dags/example.py took 0.246 seconds
[2025-07-01T23:55:20.658+0700] {processor.py:186} INFO - Started process (PID=117801) to work on /home/radithalr/data-engineer-learn/dags/example.py
[2025-07-01T23:55:20.660+0700] {processor.py:914} INFO - Processing file /home/radithalr/data-engineer-learn/dags/example.py for tasks to queue
[2025-07-01T23:55:20.665+0700] {logging_mixin.py:190} INFO - [2025-07-01T23:55:20.664+0700] {dagbag.py:588} INFO - Filling up the DagBag from /home/radithalr/data-engineer-learn/dags/example.py
[2025-07-01T23:55:20.695+0700] {processor.py:925} INFO - DAG(s) 'example' retrieved from /home/radithalr/data-engineer-learn/dags/example.py
[2025-07-01T23:55:20.753+0700] {logging_mixin.py:190} INFO - [2025-07-01T23:55:20.752+0700] {dag.py:3239} INFO - Sync 1 DAGs
[2025-07-01T23:55:20.796+0700] {logging_mixin.py:190} INFO - [2025-07-01T23:55:20.796+0700] {dag.py:4180} INFO - Setting next_dagrun for example to 2025-07-01 00:00:00+00:00, run_after=2025-07-02 00:00:00+00:00
[2025-07-01T23:55:20.831+0700] {processor.py:208} INFO - Processing /home/radithalr/data-engineer-learn/dags/example.py took 0.194 seconds
[2025-07-01T23:55:51.766+0700] {processor.py:186} INFO - Started process (PID=117897) to work on /home/radithalr/data-engineer-learn/dags/example.py
[2025-07-01T23:55:51.770+0700] {processor.py:914} INFO - Processing file /home/radithalr/data-engineer-learn/dags/example.py for tasks to queue
[2025-07-01T23:55:51.775+0700] {logging_mixin.py:190} INFO - [2025-07-01T23:55:51.774+0700] {dagbag.py:588} INFO - Filling up the DagBag from /home/radithalr/data-engineer-learn/dags/example.py
[2025-07-01T23:55:51.818+0700] {processor.py:925} INFO - DAG(s) 'example' retrieved from /home/radithalr/data-engineer-learn/dags/example.py
[2025-07-01T23:55:51.884+0700] {logging_mixin.py:190} INFO - [2025-07-01T23:55:51.884+0700] {dag.py:3239} INFO - Sync 1 DAGs
[2025-07-01T23:55:51.935+0700] {logging_mixin.py:190} INFO - [2025-07-01T23:55:51.935+0700] {dag.py:4180} INFO - Setting next_dagrun for example to 2025-07-01 00:00:00+00:00, run_after=2025-07-02 00:00:00+00:00
[2025-07-01T23:55:51.983+0700] {processor.py:208} INFO - Processing /home/radithalr/data-engineer-learn/dags/example.py took 0.234 seconds
[2025-07-01T23:56:22.946+0700] {processor.py:186} INFO - Started process (PID=118031) to work on /home/radithalr/data-engineer-learn/dags/example.py
[2025-07-01T23:56:22.948+0700] {processor.py:914} INFO - Processing file /home/radithalr/data-engineer-learn/dags/example.py for tasks to queue
[2025-07-01T23:56:22.953+0700] {logging_mixin.py:190} INFO - [2025-07-01T23:56:22.953+0700] {dagbag.py:588} INFO - Filling up the DagBag from /home/radithalr/data-engineer-learn/dags/example.py
[2025-07-01T23:56:22.981+0700] {processor.py:925} INFO - DAG(s) 'example' retrieved from /home/radithalr/data-engineer-learn/dags/example.py
[2025-07-01T23:56:23.028+0700] {logging_mixin.py:190} INFO - [2025-07-01T23:56:23.027+0700] {dag.py:3239} INFO - Sync 1 DAGs
[2025-07-01T23:56:23.077+0700] {logging_mixin.py:190} INFO - [2025-07-01T23:56:23.076+0700] {dag.py:4180} INFO - Setting next_dagrun for example to 2025-07-01 00:00:00+00:00, run_after=2025-07-02 00:00:00+00:00
[2025-07-01T23:56:23.128+0700] {processor.py:208} INFO - Processing /home/radithalr/data-engineer-learn/dags/example.py took 0.196 seconds
[2025-07-02T01:14:08.552+0700] {processor.py:186} INFO - Started process (PID=122294) to work on /home/radithalr/data-engineer-learn/dags/example.py
[2025-07-02T01:14:08.554+0700] {processor.py:914} INFO - Processing file /home/radithalr/data-engineer-learn/dags/example.py for tasks to queue
[2025-07-02T01:14:08.560+0700] {logging_mixin.py:190} INFO - [2025-07-02T01:14:08.559+0700] {dagbag.py:588} INFO - Filling up the DagBag from /home/radithalr/data-engineer-learn/dags/example.py
[2025-07-02T01:14:08.590+0700] {processor.py:925} INFO - DAG(s) 'example' retrieved from /home/radithalr/data-engineer-learn/dags/example.py
[2025-07-02T01:14:08.640+0700] {logging_mixin.py:190} INFO - [2025-07-02T01:14:08.639+0700] {dag.py:3239} INFO - Sync 1 DAGs
[2025-07-02T01:14:08.677+0700] {logging_mixin.py:190} INFO - [2025-07-02T01:14:08.677+0700] {dag.py:4180} INFO - Setting next_dagrun for example to 2025-07-01 00:00:00+00:00, run_after=2025-07-02 00:00:00+00:00
[2025-07-02T01:14:08.722+0700] {processor.py:208} INFO - Processing /home/radithalr/data-engineer-learn/dags/example.py took 0.182 seconds
[2025-07-02T01:14:38.910+0700] {processor.py:186} INFO - Started process (PID=122675) to work on /home/radithalr/data-engineer-learn/dags/example.py
[2025-07-02T01:14:38.923+0700] {processor.py:914} INFO - Processing file /home/radithalr/data-engineer-learn/dags/example.py for tasks to queue
[2025-07-02T01:14:38.930+0700] {logging_mixin.py:190} INFO - [2025-07-02T01:14:38.929+0700] {dagbag.py:588} INFO - Filling up the DagBag from /home/radithalr/data-engineer-learn/dags/example.py
[2025-07-02T01:14:38.962+0700] {processor.py:925} INFO - DAG(s) 'example' retrieved from /home/radithalr/data-engineer-learn/dags/example.py
[2025-07-02T01:14:39.026+0700] {logging_mixin.py:190} INFO - [2025-07-02T01:14:39.025+0700] {dag.py:3239} INFO - Sync 1 DAGs
[2025-07-02T01:14:39.088+0700] {logging_mixin.py:190} INFO - [2025-07-02T01:14:39.087+0700] {dag.py:4180} INFO - Setting next_dagrun for example to 2025-07-01 00:00:00+00:00, run_after=2025-07-02 00:00:00+00:00
[2025-07-02T01:14:39.146+0700] {processor.py:208} INFO - Processing /home/radithalr/data-engineer-learn/dags/example.py took 0.250 seconds
[2025-07-02T01:15:10.115+0700] {processor.py:186} INFO - Started process (PID=122823) to work on /home/radithalr/data-engineer-learn/dags/example.py
[2025-07-02T01:15:10.119+0700] {processor.py:914} INFO - Processing file /home/radithalr/data-engineer-learn/dags/example.py for tasks to queue
[2025-07-02T01:15:10.126+0700] {logging_mixin.py:190} INFO - [2025-07-02T01:15:10.125+0700] {dagbag.py:588} INFO - Filling up the DagBag from /home/radithalr/data-engineer-learn/dags/example.py
[2025-07-02T01:15:10.161+0700] {processor.py:925} INFO - DAG(s) 'example' retrieved from /home/radithalr/data-engineer-learn/dags/example.py
[2025-07-02T01:15:10.214+0700] {logging_mixin.py:190} INFO - [2025-07-02T01:15:10.214+0700] {dag.py:3239} INFO - Sync 1 DAGs
[2025-07-02T01:15:10.260+0700] {logging_mixin.py:190} INFO - [2025-07-02T01:15:10.259+0700] {dag.py:4180} INFO - Setting next_dagrun for example to 2025-07-01 00:00:00+00:00, run_after=2025-07-02 00:00:00+00:00
[2025-07-02T01:15:10.309+0700] {processor.py:208} INFO - Processing /home/radithalr/data-engineer-learn/dags/example.py took 0.210 seconds
[2025-07-02T01:15:40.863+0700] {processor.py:186} INFO - Started process (PID=122877) to work on /home/radithalr/data-engineer-learn/dags/example.py
[2025-07-02T01:15:40.875+0700] {processor.py:914} INFO - Processing file /home/radithalr/data-engineer-learn/dags/example.py for tasks to queue
[2025-07-02T01:15:40.887+0700] {logging_mixin.py:190} INFO - [2025-07-02T01:15:40.886+0700] {dagbag.py:588} INFO - Filling up the DagBag from /home/radithalr/data-engineer-learn/dags/example.py
[2025-07-02T01:15:40.919+0700] {processor.py:925} INFO - DAG(s) 'example' retrieved from /home/radithalr/data-engineer-learn/dags/example.py
[2025-07-02T01:15:40.975+0700] {logging_mixin.py:190} INFO - [2025-07-02T01:15:40.975+0700] {dag.py:3239} INFO - Sync 1 DAGs
[2025-07-02T01:15:41.020+0700] {logging_mixin.py:190} INFO - [2025-07-02T01:15:41.020+0700] {dag.py:4180} INFO - Setting next_dagrun for example to 2025-07-01 00:00:00+00:00, run_after=2025-07-02 00:00:00+00:00
[2025-07-02T01:15:41.077+0700] {processor.py:208} INFO - Processing /home/radithalr/data-engineer-learn/dags/example.py took 0.228 seconds
[2025-07-02T01:16:11.592+0700] {processor.py:186} INFO - Started process (PID=122962) to work on /home/radithalr/data-engineer-learn/dags/example.py
[2025-07-02T01:16:11.605+0700] {processor.py:914} INFO - Processing file /home/radithalr/data-engineer-learn/dags/example.py for tasks to queue
[2025-07-02T01:16:11.612+0700] {logging_mixin.py:190} INFO - [2025-07-02T01:16:11.611+0700] {dagbag.py:588} INFO - Filling up the DagBag from /home/radithalr/data-engineer-learn/dags/example.py
[2025-07-02T01:16:11.643+0700] {processor.py:925} INFO - DAG(s) 'example' retrieved from /home/radithalr/data-engineer-learn/dags/example.py
[2025-07-02T01:16:11.695+0700] {logging_mixin.py:190} INFO - [2025-07-02T01:16:11.694+0700] {dag.py:3239} INFO - Sync 1 DAGs
[2025-07-02T01:16:11.742+0700] {logging_mixin.py:190} INFO - [2025-07-02T01:16:11.742+0700] {dag.py:4180} INFO - Setting next_dagrun for example to 2025-07-01 00:00:00+00:00, run_after=2025-07-02 00:00:00+00:00
[2025-07-02T01:16:11.795+0700] {processor.py:208} INFO - Processing /home/radithalr/data-engineer-learn/dags/example.py took 0.217 seconds
[2025-07-02T01:16:42.339+0700] {processor.py:186} INFO - Started process (PID=122991) to work on /home/radithalr/data-engineer-learn/dags/example.py
[2025-07-02T01:16:42.349+0700] {processor.py:914} INFO - Processing file /home/radithalr/data-engineer-learn/dags/example.py for tasks to queue
[2025-07-02T01:16:42.355+0700] {logging_mixin.py:190} INFO - [2025-07-02T01:16:42.354+0700] {dagbag.py:588} INFO - Filling up the DagBag from /home/radithalr/data-engineer-learn/dags/example.py
[2025-07-02T01:16:42.385+0700] {processor.py:925} INFO - DAG(s) 'example' retrieved from /home/radithalr/data-engineer-learn/dags/example.py
[2025-07-02T01:16:42.438+0700] {logging_mixin.py:190} INFO - [2025-07-02T01:16:42.437+0700] {dag.py:3239} INFO - Sync 1 DAGs
[2025-07-02T01:16:42.485+0700] {logging_mixin.py:190} INFO - [2025-07-02T01:16:42.485+0700] {dag.py:4180} INFO - Setting next_dagrun for example to 2025-07-01 00:00:00+00:00, run_after=2025-07-02 00:00:00+00:00
[2025-07-02T01:16:42.534+0700] {processor.py:208} INFO - Processing /home/radithalr/data-engineer-learn/dags/example.py took 0.209 seconds
[2025-07-02T01:17:13.391+0700] {processor.py:186} INFO - Started process (PID=123194) to work on /home/radithalr/data-engineer-learn/dags/example.py
[2025-07-02T01:17:13.403+0700] {processor.py:914} INFO - Processing file /home/radithalr/data-engineer-learn/dags/example.py for tasks to queue
[2025-07-02T01:17:13.411+0700] {logging_mixin.py:190} INFO - [2025-07-02T01:17:13.410+0700] {dagbag.py:588} INFO - Filling up the DagBag from /home/radithalr/data-engineer-learn/dags/example.py
[2025-07-02T01:17:13.440+0700] {processor.py:925} INFO - DAG(s) 'example' retrieved from /home/radithalr/data-engineer-learn/dags/example.py
[2025-07-02T01:17:13.489+0700] {logging_mixin.py:190} INFO - [2025-07-02T01:17:13.489+0700] {dag.py:3239} INFO - Sync 1 DAGs
[2025-07-02T01:17:13.536+0700] {logging_mixin.py:190} INFO - [2025-07-02T01:17:13.536+0700] {dag.py:4180} INFO - Setting next_dagrun for example to 2025-07-01 00:00:00+00:00, run_after=2025-07-02 00:00:00+00:00
[2025-07-02T01:17:13.587+0700] {processor.py:208} INFO - Processing /home/radithalr/data-engineer-learn/dags/example.py took 0.210 seconds
