[2025-07-01T23:08:27.518+0700] {local_task_job_runner.py:123} INFO - ::group::Pre task execution logs
[2025-07-01T23:08:27.529+0700] {taskinstance.py:2613} INFO - Dependencies all met for dep_context=non-requeueable deps ti=<TaskInstance: example.print_hello_world manual__2025-07-01T16:08:23.101147+00:00 [queued]>
[2025-07-01T23:08:27.538+0700] {taskinstance.py:2613} INFO - Dependencies all met for dep_context=requeueable deps ti=<TaskInstance: example.print_hello_world manual__2025-07-01T16:08:23.101147+00:00 [queued]>
[2025-07-01T23:08:27.539+0700] {taskinstance.py:2866} INFO - Starting attempt 1 of 1
[2025-07-01T23:08:27.562+0700] {taskinstance.py:2889} INFO - Executing <Task(BashOperator): print_hello_world> on 2025-07-01 16:08:23.101147+00:00
[2025-07-01T23:08:27.568+0700] {standard_task_runner.py:72} INFO - Started process 114946 to run task
[2025-07-01T23:08:27.574+0700] {standard_task_runner.py:104} INFO - Running: ['airflow', 'tasks', 'run', 'example', 'print_hello_world', 'manual__2025-07-01T16:08:23.101147+00:00', '--job-id', '15', '--raw', '--subdir', 'DAGS_FOLDER/example.py', '--cfg-path', '/tmp/tmpi_p_x1pe']
[2025-07-01T23:08:27.578+0700] {standard_task_runner.py:105} INFO - Job 15: Subtask print_hello_world
[2025-07-01T23:08:27.648+0700] {task_command.py:467} INFO - Running <TaskInstance: example.print_hello_world manual__2025-07-01T16:08:23.101147+00:00 [running]> on host RadithaAsus.localdomain
[2025-07-01T23:08:27.763+0700] {taskinstance.py:3132} INFO - Exporting env vars: AIRFLOW_CTX_DAG_OWNER='airflow' AIRFLOW_CTX_DAG_ID='example' AIRFLOW_CTX_TASK_ID='print_hello_world' AIRFLOW_CTX_EXECUTION_DATE='2025-07-01T16:08:23.101147+00:00' AIRFLOW_CTX_TRY_NUMBER='1' AIRFLOW_CTX_DAG_RUN_ID='manual__2025-07-01T16:08:23.101147+00:00'
[2025-07-01T23:08:27.764+0700] {taskinstance.py:731} INFO - ::endgroup::
[2025-07-01T23:08:27.786+0700] {subprocess.py:78} INFO - Tmp dir root location: /tmp
[2025-07-01T23:08:27.788+0700] {subprocess.py:88} INFO - Running command: ['/usr/bin/bash', '-c', "echo 'hello world'"]
[2025-07-01T23:08:27.803+0700] {subprocess.py:99} INFO - Output:
[2025-07-01T23:08:27.805+0700] {subprocess.py:106} INFO - hello world
[2025-07-01T23:08:27.806+0700] {subprocess.py:110} INFO - Command exited with return code 0
[2025-07-01T23:08:27.838+0700] {taskinstance.py:340} INFO - ::group::Post task execution logs
[2025-07-01T23:08:27.839+0700] {taskinstance.py:352} INFO - Marking task as SUCCESS. dag_id=example, task_id=print_hello_world, run_id=manual__2025-07-01T16:08:23.101147+00:00, execution_date=20250701T160823, start_date=20250701T160827, end_date=20250701T160827
[2025-07-01T23:08:27.910+0700] {local_task_job_runner.py:266} INFO - Task exited with return code 0
[2025-07-01T23:08:27.928+0700] {taskinstance.py:3895} INFO - 0 downstream tasks scheduled from follow-on schedule check
[2025-07-01T23:08:27.929+0700] {local_task_job_runner.py:245} INFO - ::endgroup::
