[2025-07-01T21:33:16.619+0700] {local_task_job_runner.py:123} INFO - ::group::Pre task execution logs
[2025-07-01T21:33:16.635+0700] {taskinstance.py:2613} INFO - Dependencies all met for dep_context=non-requeueable deps ti=<TaskInstance: example_branch_datetime_operator_3.datetime_branch manual__2025-07-01T14:33:11.574616+00:00 [queued]>
[2025-07-01T21:33:16.647+0700] {taskinstance.py:2613} INFO - Dependencies all met for dep_context=requeueable deps ti=<TaskInstance: example_branch_datetime_operator_3.datetime_branch manual__2025-07-01T14:33:11.574616+00:00 [queued]>
[2025-07-01T21:33:16.647+0700] {taskinstance.py:2866} INFO - Starting attempt 1 of 1
[2025-07-01T21:33:16.671+0700] {taskinstance.py:2889} INFO - Executing <Task(BranchDateTimeOperator): datetime_branch> on 2025-07-01 14:33:11.574616+00:00
[2025-07-01T21:33:16.678+0700] {standard_task_runner.py:72} INFO - Started process 102770 to run task
[2025-07-01T21:33:16.685+0700] {standard_task_runner.py:104} INFO - Running: ['airflow', 'tasks', 'run', 'example_branch_datetime_operator_3', 'datetime_branch', 'manual__2025-07-01T14:33:11.574616+00:00', '--job-id', '5', '--raw', '--subdir', '/home/radithalr/data-engineer-learn/.airflow/lib/python3.12/site-packages/airflow/example_dags/example_branch_datetime_operator.py', '--cfg-path', '/tmp/tmpfdazl31v']
[2025-07-01T21:33:16.687+0700] {standard_task_runner.py:105} INFO - Job 5: Subtask datetime_branch
[2025-07-01T21:33:16.758+0700] {task_command.py:467} INFO - Running <TaskInstance: example_branch_datetime_operator_3.datetime_branch manual__2025-07-01T14:33:11.574616+00:00 [running]> on host RadithaAsus.localdomain
[2025-07-01T21:33:16.861+0700] {taskinstance.py:3132} INFO - Exporting env vars: AIRFLOW_CTX_DAG_OWNER='airflow' AIRFLOW_CTX_DAG_ID='example_branch_datetime_operator_3' AIRFLOW_CTX_TASK_ID='datetime_branch' AIRFLOW_CTX_EXECUTION_DATE='2025-07-01T14:33:11.574616+00:00' AIRFLOW_CTX_TRY_NUMBER='1' AIRFLOW_CTX_DAG_RUN_ID='manual__2025-07-01T14:33:11.574616+00:00'
[2025-07-01T21:33:16.864+0700] {logging_mixin.py:190} INFO - Task instance is in running state
[2025-07-01T21:33:16.864+0700] {logging_mixin.py:190} INFO -  Previous state of the Task instance: queued
[2025-07-01T21:33:16.864+0700] {logging_mixin.py:190} INFO - Current task name:datetime_branch state:running start_date:2025-07-01 14:33:16.635923+00:00
[2025-07-01T21:33:16.864+0700] {logging_mixin.py:190} INFO - Dag name:example_branch_datetime_operator_3 and current dag run status:running
[2025-07-01T21:33:16.865+0700] {taskinstance.py:731} INFO - ::endgroup::
[2025-07-01T21:33:16.865+0700] {branch.py:38} INFO - Branch into ['date_outside_range']
[2025-07-01T21:33:16.866+0700] {skipmixin.py:230} INFO - Following branch ('date_outside_range',)
[2025-07-01T21:33:16.873+0700] {skipmixin.py:278} INFO - Skipping tasks [('date_in_range', -1)]
[2025-07-01T21:33:16.913+0700] {taskinstance.py:340} INFO - ::group::Post task execution logs
[2025-07-01T21:33:16.913+0700] {taskinstance.py:352} INFO - Marking task as SUCCESS. dag_id=example_branch_datetime_operator_3, task_id=datetime_branch, run_id=manual__2025-07-01T14:33:11.574616+00:00, execution_date=20250701T143311, start_date=20250701T143316, end_date=20250701T143316
[2025-07-01T21:33:16.929+0700] {logging_mixin.py:190} INFO - Task instance in success state
[2025-07-01T21:33:16.930+0700] {logging_mixin.py:190} INFO -  Previous state of the Task instance: running
[2025-07-01T21:33:16.930+0700] {logging_mixin.py:190} INFO - Dag name:example_branch_datetime_operator_3 queued_at:2025-07-01 14:33:11.589406+00:00
[2025-07-01T21:33:16.930+0700] {logging_mixin.py:190} INFO - Task hostname:RadithaAsus.localdomain operator:BranchDateTimeOperator
[2025-07-01T21:33:16.981+0700] {local_task_job_runner.py:266} INFO - Task exited with return code 0
[2025-07-01T21:33:17.007+0700] {taskinstance.py:3895} INFO - 0 downstream tasks scheduled from follow-on schedule check
[2025-07-01T21:33:17.008+0700] {local_task_job_runner.py:245} INFO - ::endgroup::
